Removed Pin From Net: NetName=MOT4_A Pin=U1-18
Removed Pin From Net: NetName=MOT1_A Pin=U1-23
Removed Pin From Net: NetName=MOT2_A Pin=U1-25
Removed Pin From Net: NetName=MOT2_B Pin=U1-26
Removed Pin From Net: NetName=MOT1_FS Pin=U1-35
Removed Pin From Net: NetName=MOT1_EN Pin=U1-36
Removed Pin From Net: NetName=MOT1_TRI_EN Pin=U1-37
Removed Pin From Net: NetName=MOT3_B Pin=U1-38
Removed Pin From Net: NetName=MOT3_A Pin=U1-39
Removed Pin From Net: NetName=MOT4_B Pin=U1-40
Removed Pin From Net: NetName=MOT3_FB Pin=U1-94
Removed Pin From Net: NetName=MOT2_FB Pin=U1-95
Removed Pin From Net: NetName=MOT1_FB Pin=U1-96
Removed Pin From Net: NetName=MOT4_FB Pin=U1-97
Added Pin To Net: NetName=MOT2_SS Pin=U1-5
Added Pin To Net: NetName=MOT2_FS Pin=U1-6
Added Pin To Net: NetName=MOT2_A Pin=U1-7
Added Pin To Net: NetName=SW1 Pin=U1-8
Added Pin To Net: NetName=SW2 Pin=U1-9
Added Pin To Net: NetName=MOT2_TRI_EN Pin=U1-12
Added Pin To Net: NetName=MOT2_B Pin=U1-13
Added Pin To Net: NetName=MOT2_EN Pin=U1-15
Added Pin To Net: NetName=MOT1_A Pin=U1-16
Added Pin To Net: NetName=MOT1_FS Pin=U1-17
Added Pin To Net: NetName=MOT1_SS Pin=U1-18
Added Pin To Net: NetName=MOT1_TRI_EN Pin=U1-23
Added Pin To Net: NetName=MOT1_EN Pin=U1-25
Added Pin To Net: NetName=MOT3_FB Pin=U1-85
Added Pin To Net: NetName=MOT4_FB Pin=U1-86
Added Pin To Net: NetName=MOT1_FB Pin=U1-87
Added Pin To Net: NetName=MOT2_FB Pin=U1-97
