Change Component Comment: Designator=R2 Old Comment=16K2 1% 0603(1608) New Comment=16.2K
Change Component Comment: Designator=R5 Old Comment=40K2 1% 0603(1608) New Comment=40.2K
Change Component Comment: Designator=R3 Old Comment=100K 5% 0603(1608) New Comment=100K
Change Component Comment: Designator=R6 Old Comment=100R 5% 0603(1608) New Comment=100R
Change Component Comment: Designator=R7 Old Comment=100R 5% 0603(1608) New Comment=100R
Change Component Comment: Designator=R4 Old Comment=536K 1% 0603(1608) New Comment=536K
Change Component Comment: Designator=U5 Old Comment=33887 H-Bridge New Comment=MC33887
Change Component Comment: Designator=U7 Old Comment=33887 H-Bridge New Comment=MC33887
Change Component Comment: Designator=C18 Old Comment=CAP 1uF 25V 1206(3216) New Comment=1uF
Change Component Comment: Designator=C22 Old Comment=CAP 1uF 25V 1206(3216) New Comment=1uF
Change Component Comment: Designator=C35 Old Comment=CAP 8.2pF 10V 0603(1608) New Comment=8.2pF
Change Component Comment: Designator=C36 Old Comment=CAP 8.2pF 10V 0603(1608) New Comment=8.2pF
Change Component Comment: Designator=C37 Old Comment=CAP 8.2pF 10V 0603(1608) New Comment=8.2pF
Change Component Comment: Designator=C38 Old Comment=CAP 8.2pF 10V 0603(1608) New Comment=8.2pF
Change Component Comment: Designator=C3 Old Comment=CAP 10uF 10V 0603(1608) New Comment=10uF
Change Component Comment: Designator=C21 Old Comment=CAP 33nF 25V 1206(3216) New Comment=33nF
Change Component Comment: Designator=C25 Old Comment=CAP 33nF 25V 1206(3216) New Comment=33nF
Change Component Comment: Designator=C4 Old Comment=CAP 470nF 16V 0603(1608) New Comment=470nF
Change Component Comment: Designator=C6 Old Comment=CAP 470pF 16V 0603(1608) New Comment=470pF
Change Component Comment: Designator=P1 Old Comment=Header 6 New Comment=M1
Change Component Comment: Designator=P2 Old Comment=Header 6 New Comment=M2
Change Component Comment: Designator=L1 Old Comment=Inductor New Comment=6.3uH
Change Component Comment: Designator=U4 Old Comment=LT3480EMSE#TRPBF New Comment=LT3480
Change Component Comment: Designator=C5 Old Comment=TantalumCap7343 New Comment=47uF
Change Component Comment: Designator=C2 Old Comment=TantalumCap7343 New Comment=100uF
Change Component Comment: Designator=X2 Old Comment=xtal4 New Comment=40MHz
Change Component Comment: Designator=X3 Old Comment=xtal4 New Comment=40MHz
