Removed Pin From Net: NetName=MOT1_FS Pin=U1-52
Removed Pin From Net: NetName=MOT1_EN Pin=U1-53
Removed Pin From Net: NetName=MOT1_TRI_EN Pin=U1-55
Removed Pin From Net: NetName=MOT2_FS Pin=U1-57
Removed Pin From Net: NetName=MOT2_EN Pin=U1-58
Removed Pin From Net: NetName=MOT2_TRI_EN Pin=U1-60
Removed Pin From Net: NetName=MOT3_FS Pin=U1-64
Removed Pin From Net: NetName=MOT3_EN Pin=U1-70
Removed Pin From Net: NetName=MOT3_TRI_EN Pin=U1-72
Removed Pin From Net: NetName=MOT4_FS Pin=U1-74
Removed Pin From Net: NetName=MOT4_EN Pin=U1-75
Removed Pin From Net: NetName=MOT4_TRI_EN Pin=U1-77
Removed Pin From Net: NetName=NetR23_1 Pin=U1-90
Removed Pin From Net: NetName=NetR22_1 Pin=U1-91
Removed Pin From Net: NetName=NetR21_1 Pin=U1-92
Removed Pin From Net: NetName=NetR20_1 Pin=U1-93
Added Pin To Net: NetName=MOT1_FS Pin=U1-35
Added Pin To Net: NetName=MOT1_EN Pin=U1-36
Added Pin To Net: NetName=MOT1_TRI_EN Pin=U1-37
Added Pin To Net: NetName=MOT4_FS Pin=U1-63
Added Pin To Net: NetName=MOT4_TRI_EN Pin=U1-64
Added Pin To Net: NetName=MOT4_EN Pin=U1-71
Added Pin To Net: NetName=MOT3_FS Pin=U1-72
Added Pin To Net: NetName=MOT3_EN Pin=U1-73
Added Pin To Net: NetName=MOT3_TRI_EN Pin=U1-74
Added Pin To Net: NetName=NetR23_1 Pin=U1-75
Added Pin To Net: NetName=NetR22_1 Pin=U1-76
Added Pin To Net: NetName=NetR21_1 Pin=U1-77
Added Pin To Net: NetName=NetR20_1 Pin=U1-78
