Change Component Comment : Designator=X2 Old Comment=40MHz New Comment=xtal4
Added Component: Designator=C1(CAPC0603(1608)100_N)
Added Component: Designator=C2(TantalumCap7343)
Added Component: Designator=C3(CAPC0603(1608)100_M)
Added Component: Designator=C4(CAPC0603(1608)100_N)
Added Component: Designator=C5(TantalumCap7343)
Added Component: Designator=C6(CAPC0603(1608)100_N)
Added Component: Designator=C7(CAPC0603(1608)100_N)
Added Component: Designator=C8(CAPC1206(3216)190_M)
Added Component: Designator=C9(CAPC0603(1608)100_M)
Added Component: Designator=C10(CAPC0603(1608)100_M)
Added Component: Designator=C11(CAPC0603(1608)100_M)
Added Component: Designator=C12(CAPC0603(1608)100_N)
Added Component: Designator=C13(CAPC0603(1608)100_N)
Added Component: Designator=C14(CAPC0603(1608)100_N)
Added Component: Designator=C15(CAPC0603(1608)100_N)
Added Component: Designator=C16(CAPC0603(1608)100_N)
Added Component: Designator=C17(CAPC0603(1608)100_N)
Added Component: Designator=C22(CAPC1206(3216)130_M)
Added Component: Designator=C24(TantalumCap7343)
Added Component: Designator=C25(CAPC1206(3216)100_L)
Added Component: Designator=C26(CAPC1206(3216)130_M)
Added Component: Designator=C28(TantalumCap7343)
Added Component: Designator=C29(CAPC1206(3216)100_N)
Added Component: Designator=C30(CAPC1206(3216)130_M)
Added Component: Designator=C32(TantalumCap7343)
Added Component: Designator=C33(CAPC1206(3216)100_L)
Added Component: Designator=C34(CAPC0603(1608)100_N)
Added Component: Designator=C37(CAPC0603(1608)100_L)
Added Component: Designator=C38(CAPC0603(1608)100_L)
Added Component: Designator=C39(CAPC0603(1608)100_L)
Added Component: Designator=C40(CAPC0603(1608)100_L)
Added Component: Designator=C41(CAPC0603(1608)100_L)
Added Component: Designator=C42(CAPC0603(1608)100_L)
Added Component: Designator=D1(diode_MBRA210LT3G)
Added Component: Designator=D2(diode_B340A)
Added Component: Designator=L1(TYS6045)
Added Component: Designator=P2(DF3A-6P-2DS)
Added Component: Designator=P3(DF3A-6P-2DS)
Added Component: Designator=P4(DF3A-6P-2DS)
Added Component: Designator=P5(HDR2X3)
Added Component: Designator=P6(DF3A-3P-2DS)
Added Component: Designator=P7(DF3A-3P-2DS)
Added Component: Designator=P9(DF3A-2P-2DS)
Added Component: Designator=P10(DF3A-2P-2DS)
Added Component: Designator=P11(DF3A-2P-2DS)
Added Component: Designator=R1(RESC0603(1608)_N)
Added Component: Designator=R2(RESC0603(1608)_N)
Added Component: Designator=R3(RESC0603(1608)_N)
Added Component: Designator=R4(RESC0603(1608)_M)
Added Component: Designator=R5(RESC0603(1608)_M)
Added Component: Designator=R7(RESC0603(1608)_N)
Added Component: Designator=R8(RESC0603(1608)_N)
Added Component: Designator=R9(RESC0603(1608)_N)
Added Component: Designator=R20(RESC0603(1608)_N)
Added Component: Designator=R21(RESC0603(1608)_N)
Added Component: Designator=R22(RESC0603(1608)_N)
Added Component: Designator=R23(RESC0603(1608)_N)
Added Component: Designator=R24(RESC0603(1608)_L)
Added Component: Designator=R25(RESC0603(1608)_N)
Added Component: Designator=S1(TactileSwitch)
Added Component: Designator=U3(LM3480)
Added Component: Designator=U4(LT-MSE-10-EDP_L)
Added Component: Designator=U7(MC33887)
Added Component: Designator=U8(TSOP127P600X135-14N)
Added Component: Designator=U9(MC33887)
Added Component: Designator=U10(TSOP127P600X135-14N)
Added Component: Designator=U11(MC33887)
Added Component: Designator=U12(TSOP127P600X135-14N)
Added Component: Designator=X1(xtal4)
Added Component: Designator=X3(xtal4)
Added Component: Designator=X4(xtal4)
Added Component: Designator=X5(xtal4)
Added Pin To Net: NetName=3.3V Pin=C1-1
Added Pin To Net: NetName=GND Pin=C1-2
Added Pin To Net: NetName=VBATT Pin=C2-1
Added Pin To Net: NetName=GND Pin=C2-2
Added Pin To Net: NetName=GND Pin=C3-1
Added Pin To Net: NetName=VBATT Pin=C3-2
Added Pin To Net: NetName=NetC4_1 Pin=C4-1
Added Pin To Net: NetName=NetC4_2 Pin=C4-2
Added Pin To Net: NetName=5V Pin=C5-1
Added Pin To Net: NetName=GND Pin=C5-2
Added Pin To Net: NetName=GND Pin=C6-1
Added Pin To Net: NetName=NetC6_2 Pin=C6-2
Added Pin To Net: NetName=GND Pin=C7-1
Added Pin To Net: NetName=5V Pin=C7-2
Added Pin To Net: NetName=GND Pin=C8-1
Added Pin To Net: NetName=3.3V Pin=C8-2
Added Pin To Net: NetName=GND Pin=C9-1
Added Pin To Net: NetName=NetC9_2 Pin=C9-2
Added Pin To Net: NetName=GND Pin=C10-1
Added Pin To Net: NetName=NetC10_2 Pin=C10-2
Added Pin To Net: NetName=GND Pin=C11-1
Added Pin To Net: NetName=NetC11_2 Pin=C11-2
Added Pin To Net: NetName=GND Pin=C12-1
Added Pin To Net: NetName=5V Pin=C12-2
Added Pin To Net: NetName=GND Pin=C13-1
Added Pin To Net: NetName=5V Pin=C13-2
Added Pin To Net: NetName=GND Pin=C14-1
Added Pin To Net: NetName=5V Pin=C14-2
Added Pin To Net: NetName=5V Pin=C15-1
Added Pin To Net: NetName=GND Pin=C15-2
Added Pin To Net: NetName=GND Pin=C16-1
Added Pin To Net: NetName=5V Pin=C16-2
Added Pin To Net: NetName=GND Pin=C17-1
Added Pin To Net: NetName=5V Pin=C17-2
Added Pin To Net: NetName=GND Pin=C22-1
Added Pin To Net: NetName=MOT2_FB Pin=C22-2
Added Pin To Net: NetName=VBATT Pin=C24-1
Added Pin To Net: NetName=GND Pin=C24-2
Added Pin To Net: NetName=GND Pin=C25-1
Added Pin To Net: NetName=NetC25_2 Pin=C25-2
Added Pin To Net: NetName=GND Pin=C26-1
Added Pin To Net: NetName=MOT3_FB Pin=C26-2
Added Pin To Net: NetName=VBATT Pin=C28-1
Added Pin To Net: NetName=GND Pin=C28-2
Added Pin To Net: NetName=GND Pin=C29-1
Added Pin To Net: NetName=NetC29_2 Pin=C29-2
Added Pin To Net: NetName=GND Pin=C30-1
Added Pin To Net: NetName=MOT4_FB Pin=C30-2
Added Pin To Net: NetName=VBATT Pin=C32-1
Added Pin To Net: NetName=GND Pin=C32-2
Added Pin To Net: NetName=GND Pin=C33-1
Added Pin To Net: NetName=NetC33_2 Pin=C33-2
Added Pin To Net: NetName=5V Pin=C34-1
Added Pin To Net: NetName=GND Pin=C34-2
Added Pin To Net: NetName=NetC37_1 Pin=C37-1
Added Pin To Net: NetName=GND Pin=C37-2
Added Pin To Net: NetName=NetC38_1 Pin=C38-1
Added Pin To Net: NetName=GND Pin=C38-2
Added Pin To Net: NetName=NetC39_1 Pin=C39-1
Added Pin To Net: NetName=GND Pin=C39-2
Added Pin To Net: NetName=NetC40_1 Pin=C40-1
Added Pin To Net: NetName=GND Pin=C40-2
Added Pin To Net: NetName=NetC41_1 Pin=C41-1
Added Pin To Net: NetName=GND Pin=C41-2
Added Pin To Net: NetName=NetC42_1 Pin=C42-1
Added Pin To Net: NetName=GND Pin=C42-2
Added Pin To Net: NetName=NetD1_1 Pin=D1-1
Added Pin To Net: NetName=TX0 Pin=D1-2
Added Pin To Net: NetName=GND Pin=D2-1
Added Pin To Net: NetName=NetC4_2 Pin=D2-2
Added Pin To Net: NetName=5V Pin=L1-1
Added Pin To Net: NetName=NetC4_2 Pin=L1-2
Added Pin To Net: NetName=MOT2_OUT1 Pin=P2-1
Added Pin To Net: NetName=MOT2_OUT2 Pin=P2-2
Added Pin To Net: NetName=MOT2_ENCA Pin=P2-3
Added Pin To Net: NetName=MOT2_ENCB Pin=P2-4
Added Pin To Net: NetName=5V Pin=P2-5
Added Pin To Net: NetName=GND Pin=P2-6
Added Pin To Net: NetName=MOT3_OUT1 Pin=P3-1
Added Pin To Net: NetName=MOT3_OUT2 Pin=P3-2
Added Pin To Net: NetName=MOT3_ENCA Pin=P3-3
Added Pin To Net: NetName=MOT3_ENCB Pin=P3-4
Added Pin To Net: NetName=5V Pin=P3-5
Added Pin To Net: NetName=GND Pin=P3-6
Added Pin To Net: NetName=MOT4_OUT1 Pin=P4-1
Added Pin To Net: NetName=MOT4_OUT2 Pin=P4-2
Added Pin To Net: NetName=MOT4_ENCA Pin=P4-3
Added Pin To Net: NetName=MOT4_ENCB Pin=P4-4
Added Pin To Net: NetName=5V Pin=P4-5
Added Pin To Net: NetName=GND Pin=P4-6
Added Pin To Net: NetName=MISO Pin=P5-1
Added Pin To Net: NetName=5V Pin=P5-2
Added Pin To Net: NetName=SCK Pin=P5-3
Added Pin To Net: NetName=MOSI Pin=P5-4
Added Pin To Net: NetName=RESET Pin=P5-5
Added Pin To Net: NetName=GND Pin=P5-6
Added Pin To Net: NetName=GND Pin=P6-1
Added Pin To Net: NetName=SW1 Pin=P6-2
Added Pin To Net: NetName=5V Pin=P6-3
Added Pin To Net: NetName=GND Pin=P7-1
Added Pin To Net: NetName=SW2 Pin=P7-2
Added Pin To Net: NetName=5V Pin=P7-3
Added Pin To Net: NetName=VBATT Pin=P9-1
Added Pin To Net: NetName=GND Pin=P9-2
Added Pin To Net: NetName=VBATT Pin=P10-1
Added Pin To Net: NetName=GND Pin=P10-2
Added Pin To Net: NetName=5V Pin=P11-1
Added Pin To Net: NetName=GND Pin=P11-2
Added Pin To Net: NetName=NetD1_1 Pin=R1-1
Added Pin To Net: NetName=3.3V Pin=R1-2
Added Pin To Net: NetName=NetC6_2 Pin=R2-1
Added Pin To Net: NetName=NetR2_2 Pin=R2-2
Added Pin To Net: NetName=GND Pin=R3-1
Added Pin To Net: NetName=NetR3_2 Pin=R3-2
Added Pin To Net: NetName=NetR3_2 Pin=R4-1
Added Pin To Net: NetName=5V Pin=R4-2
Added Pin To Net: NetName=NetR5_1 Pin=R5-1
Added Pin To Net: NetName=GND Pin=R5-2
Added Pin To Net: NetName=GND Pin=R7-1
Added Pin To Net: NetName=MOT2_FB Pin=R7-2
Added Pin To Net: NetName=GND Pin=R8-1
Added Pin To Net: NetName=MOT3_FB Pin=R8-2
Added Pin To Net: NetName=GND Pin=R9-1
Added Pin To Net: NetName=MOT4_FB Pin=R9-2
Added Pin To Net: NetName=NetR20_1 Pin=R20-1
Added Pin To Net: NetName=NetD3_1 Pin=R20-2
Added Pin To Net: NetName=NetR21_1 Pin=R21-1
Added Pin To Net: NetName=NetD4_1 Pin=R21-2
Added Pin To Net: NetName=NetR22_1 Pin=R22-1
Added Pin To Net: NetName=NetD5_1 Pin=R22-2
Added Pin To Net: NetName=NetR23_1 Pin=R23-1
Added Pin To Net: NetName=NetD6_1 Pin=R23-2
Added Pin To Net: NetName=5V Pin=R24-1
Added Pin To Net: NetName=NetD7_1 Pin=R24-2
Added Pin To Net: NetName=NetC9_2 Pin=R25-1
Added Pin To Net: NetName=5V Pin=R25-2
Added Pin To Net: NetName=NetC9_2 Pin=S1-3
Added Pin To Net: NetName=GND Pin=S1-4
Added Pin To Net: NetName=3.3V Pin=U3-1
Added Pin To Net: NetName=5V Pin=U3-2
Added Pin To Net: NetName=GND Pin=U3-3
Added Pin To Net: NetName=5V Pin=U4-1
Added Pin To Net: NetName=NetC4_1 Pin=U4-2
Added Pin To Net: NetName=NetC4_2 Pin=U4-3
Added Pin To Net: NetName=VBATT Pin=U4-4
Added Pin To Net: NetName=VBATT Pin=U4-5
Added Pin To Net: NetName=GND Pin=U4-6
Added Pin To Net: NetName=NetR3_2 Pin=U4-8
Added Pin To Net: NetName=NetR2_2 Pin=U4-9
Added Pin To Net: NetName=NetR5_1 Pin=U4-10
Added Pin To Net: NetName=GND Pin=U4-11
Added Pin To Net: NetName=GND Pin=U7-1
Added Pin To Net: NetName=MOT2_FS Pin=U7-2
Added Pin To Net: NetName=MOT2_A Pin=U7-3
Added Pin To Net: NetName=VBATT Pin=U7-4
Added Pin To Net: NetName=VBATT Pin=U7-5
Added Pin To Net: NetName=MOT2_OUT2 Pin=U7-6
Added Pin To Net: NetName=MOT2_OUT2 Pin=U7-7
Added Pin To Net: NetName=MOT2_FB Pin=U7-8
Added Pin To Net: NetName=GND Pin=U7-9
Added Pin To Net: NetName=GND Pin=U7-10
Added Pin To Net: NetName=GND Pin=U7-11
Added Pin To Net: NetName=GND Pin=U7-12
Added Pin To Net: NetName=MOT2_TRI_EN Pin=U7-13
Added Pin To Net: NetName=MOT2_OUT1 Pin=U7-14
Added Pin To Net: NetName=MOT2_OUT1 Pin=U7-15
Added Pin To Net: NetName=VBATT Pin=U7-16
Added Pin To Net: NetName=NetC25_2 Pin=U7-17
Added Pin To Net: NetName=GND Pin=U7-18
Added Pin To Net: NetName=MOT2_B Pin=U7-19
Added Pin To Net: NetName=MOT2_EN Pin=U7-20
Added Pin To Net: NetName=GND Pin=U7-21
Added Pin To Net: NetName=GND Pin=U7-21
Added Pin To Net: NetName=GND Pin=U7-21
Added Pin To Net: NetName=NetC38_1 Pin=U8-1
Added Pin To Net: NetName=NetC37_1 Pin=U8-2
Added Pin To Net: NetName=GND Pin=U8-3
Added Pin To Net: NetName=MOT2_SS Pin=U8-4
Added Pin To Net: NetName=SCK Pin=U8-5
Added Pin To Net: NetName=MISO Pin=U8-6
Added Pin To Net: NetName=MOSI Pin=U8-7
Added Pin To Net: NetName=GND Pin=U8-8
Added Pin To Net: NetName=GND Pin=U8-9
Added Pin To Net: NetName=GND Pin=U8-10
Added Pin To Net: NetName=MOT2_ENCB Pin=U8-11
Added Pin To Net: NetName=MOT2_ENCA Pin=U8-12
Added Pin To Net: NetName=5V Pin=U8-13
Added Pin To Net: NetName=5V Pin=U8-14
Added Pin To Net: NetName=GND Pin=U9-1
Added Pin To Net: NetName=MOT3_FS Pin=U9-2
Added Pin To Net: NetName=MOT3_A Pin=U9-3
Added Pin To Net: NetName=VBATT Pin=U9-4
Added Pin To Net: NetName=VBATT Pin=U9-5
Added Pin To Net: NetName=MOT3_OUT2 Pin=U9-6
Added Pin To Net: NetName=MOT3_OUT2 Pin=U9-7
Added Pin To Net: NetName=MOT3_FB Pin=U9-8
Added Pin To Net: NetName=GND Pin=U9-9
Added Pin To Net: NetName=GND Pin=U9-10
Added Pin To Net: NetName=GND Pin=U9-11
Added Pin To Net: NetName=GND Pin=U9-12
Added Pin To Net: NetName=MOT3_TRI_EN Pin=U9-13
Added Pin To Net: NetName=MOT3_OUT1 Pin=U9-14
Added Pin To Net: NetName=MOT3_OUT1 Pin=U9-15
Added Pin To Net: NetName=VBATT Pin=U9-16
Added Pin To Net: NetName=NetC29_2 Pin=U9-17
Added Pin To Net: NetName=GND Pin=U9-18
Added Pin To Net: NetName=MOT3_B Pin=U9-19
Added Pin To Net: NetName=MOT3_EN Pin=U9-20
Added Pin To Net: NetName=GND Pin=U9-21
Added Pin To Net: NetName=GND Pin=U9-21
Added Pin To Net: NetName=GND Pin=U9-21
Added Pin To Net: NetName=NetC40_1 Pin=U10-1
Added Pin To Net: NetName=NetC39_1 Pin=U10-2
Added Pin To Net: NetName=GND Pin=U10-3
Added Pin To Net: NetName=MOT3_SS Pin=U10-4
Added Pin To Net: NetName=SCK Pin=U10-5
Added Pin To Net: NetName=MISO Pin=U10-6
Added Pin To Net: NetName=MOSI Pin=U10-7
Added Pin To Net: NetName=GND Pin=U10-8
Added Pin To Net: NetName=GND Pin=U10-9
Added Pin To Net: NetName=GND Pin=U10-10
Added Pin To Net: NetName=MOT3_ENCB Pin=U10-11
Added Pin To Net: NetName=MOT3_ENCA Pin=U10-12
Added Pin To Net: NetName=5V Pin=U10-13
Added Pin To Net: NetName=5V Pin=U10-14
Added Pin To Net: NetName=GND Pin=U11-1
Added Pin To Net: NetName=MOT4_FS Pin=U11-2
Added Pin To Net: NetName=MOT4_A Pin=U11-3
Added Pin To Net: NetName=VBATT Pin=U11-4
Added Pin To Net: NetName=VBATT Pin=U11-5
Added Pin To Net: NetName=MOT4_OUT2 Pin=U11-6
Added Pin To Net: NetName=MOT4_OUT2 Pin=U11-7
Added Pin To Net: NetName=MOT4_FB Pin=U11-8
Added Pin To Net: NetName=GND Pin=U11-9
Added Pin To Net: NetName=GND Pin=U11-10
Added Pin To Net: NetName=GND Pin=U11-11
Added Pin To Net: NetName=GND Pin=U11-12
Added Pin To Net: NetName=MOT4_TRI_EN Pin=U11-13
Added Pin To Net: NetName=MOT4_OUT1 Pin=U11-14
Added Pin To Net: NetName=MOT4_OUT1 Pin=U11-15
Added Pin To Net: NetName=VBATT Pin=U11-16
Added Pin To Net: NetName=NetC33_2 Pin=U11-17
Added Pin To Net: NetName=GND Pin=U11-18
Added Pin To Net: NetName=MOT4_B Pin=U11-19
Added Pin To Net: NetName=MOT4_EN Pin=U11-20
Added Pin To Net: NetName=GND Pin=U11-21
Added Pin To Net: NetName=GND Pin=U11-21
Added Pin To Net: NetName=GND Pin=U11-21
Added Pin To Net: NetName=NetC42_1 Pin=U12-1
Added Pin To Net: NetName=NetC41_1 Pin=U12-2
Added Pin To Net: NetName=GND Pin=U12-3
Added Pin To Net: NetName=MOT4_SS Pin=U12-4
Added Pin To Net: NetName=SCK Pin=U12-5
Added Pin To Net: NetName=MISO Pin=U12-6
Added Pin To Net: NetName=MOSI Pin=U12-7
Added Pin To Net: NetName=GND Pin=U12-8
Added Pin To Net: NetName=GND Pin=U12-9
Added Pin To Net: NetName=GND Pin=U12-10
Added Pin To Net: NetName=5V Pin=U12-13
Added Pin To Net: NetName=5V Pin=U12-14
Added Pin To Net: NetName=NetC10_2 Pin=X1-1
Added Pin To Net: NetName=NetC11_2 Pin=X1-2
Added Pin To Net: NetName=NetC37_1 Pin=X3-1
Added Pin To Net: NetName=NetC38_1 Pin=X3-2
Added Pin To Net: NetName=NetC39_1 Pin=X4-1
Added Pin To Net: NetName=NetC40_1 Pin=X4-2
Added Pin To Net: NetName=NetC41_1 Pin=X5-1
Added Pin To Net: NetName=NetC42_1 Pin=X5-2
Added Member To Class: ClassName=ball_dropper_rev2 Member=Component C1 CAP 100nF 10V 0603(1608)
Added Member To Class: ClassName=ball_dropper_rev2 Member=Component C2 TantalumCap7343
Added Member To Class: ClassName=ball_dropper_rev2 Member=Component C3 CAP 10uF 10V 0603(1608)
Added Member To Class: ClassName=ball_dropper_rev2 Member=Component C4 CAP 470nF 16V 0603(1608)
Added Member To Class: ClassName=ball_dropper_rev2 Member=Component C5 TantalumCap7343
Added Member To Class: ClassName=ball_dropper_rev2 Member=Component C6 CAP 470pF 16V 0603(1608)
Added Member To Class: ClassName=ball_dropper_rev2 Member=Component C7 CAP 470nF 10V 0603(1608)
Added Member To Class: ClassName=ball_dropper_rev2 Member=Component C8 CAP 33uF 10V 1206(3216)
Added Member To Class: ClassName=ball_dropper_rev2 Member=Component C9 CAP 10nF 10V 0603(1608)
Added Member To Class: ClassName=ball_dropper_rev2 Member=Component C10 CAP 22pF 10V 0603(1608)
Added Member To Class: ClassName=ball_dropper_rev2 Member=Component C11 CAP 22pF 10V 0603(1608)
Added Member To Class: ClassName=ball_dropper_rev2 Member=Component C12 CAP 100nF 10V 0603(1608)
Added Member To Class: ClassName=ball_dropper_rev2 Member=Component C13 CAP 100nF 10V 0603(1608)
Added Member To Class: ClassName=ball_dropper_rev2 Member=Component C14 CAP 100nF 10V 0603(1608)
Added Member To Class: ClassName=ball_dropper_rev2 Member=Component C15 CAP 100nF 10V 0603(1608)
Added Member To Class: ClassName=ball_dropper_rev2 Member=Component C16 CAP 100nF 10V 0603(1608)
Added Member To Class: ClassName=ball_dropper_rev2 Member=Component C17 CAP 100nF 10V 0603(1608)
Added Member To Class: ClassName=ball_dropper_rev2 Member=Component C22 CAP 1uF 25V 1206(3216)
Added Member To Class: ClassName=ball_dropper_rev2 Member=Component C24 TantalumCap7343
Added Member To Class: ClassName=ball_dropper_rev2 Member=Component C25 CAP 33nF 25V 1206(3216)
Added Member To Class: ClassName=ball_dropper_rev2 Member=Component C26 CAP 1uF 25V 1206(3216)
Added Member To Class: ClassName=ball_dropper_rev2 Member=Component C28 TantalumCap7343
Added Member To Class: ClassName=ball_dropper_rev2 Member=Component C29 CAP 33nF 25V 1206(3216)
Added Member To Class: ClassName=ball_dropper_rev2 Member=Component C30 CAP 1uF 25V 1206(3216)
Added Member To Class: ClassName=ball_dropper_rev2 Member=Component C32 TantalumCap7343
Added Member To Class: ClassName=ball_dropper_rev2 Member=Component C33 CAP 33nF 25V 1206(3216)
Added Member To Class: ClassName=ball_dropper_rev2 Member=Component C34 CAP 100nF 10V 0603(1608)
Added Member To Class: ClassName=ball_dropper_rev2 Member=Component C37 CAP 8.2pF 10V 0603(1608)
Added Member To Class: ClassName=ball_dropper_rev2 Member=Component C38 CAP 8.2pF 10V 0603(1608)
Added Member To Class: ClassName=ball_dropper_rev2 Member=Component C39 CAP 8.2pF 10V 0603(1608)
Added Member To Class: ClassName=ball_dropper_rev2 Member=Component C40 CAP 8.2pF 10V 0603(1608)
Added Member To Class: ClassName=ball_dropper_rev2 Member=Component C41 CAP 8.2pF 10V 0603(1608)
Added Member To Class: ClassName=ball_dropper_rev2 Member=Component C42 CAP 8.2pF 10V 0603(1608)
Added Member To Class: ClassName=ball_dropper_rev2 Member=Component D1 diode_MBRA210LT3G
Added Member To Class: ClassName=ball_dropper_rev2 Member=Component D2 diode_B340A
Added Member To Class: ClassName=ball_dropper_rev2 Member=Component L1 Inductor
Added Member To Class: ClassName=ball_dropper_rev2 Member=Component P2 Header 6
Added Member To Class: ClassName=ball_dropper_rev2 Member=Component P3 Header 6
Added Member To Class: ClassName=ball_dropper_rev2 Member=Component P4 Header 6
Added Member To Class: ClassName=ball_dropper_rev2 Member=Component P5 ISP
Added Member To Class: ClassName=ball_dropper_rev2 Member=Component P6 Hirose3
Added Member To Class: ClassName=ball_dropper_rev2 Member=Component P7 Hirose3
Added Member To Class: ClassName=ball_dropper_rev2 Member=Component P9 Header 2
Added Member To Class: ClassName=ball_dropper_rev2 Member=Component P10 Header 2
Added Member To Class: ClassName=ball_dropper_rev2 Member=Component P11 Header 2
Added Member To Class: ClassName=ball_dropper_rev2 Member=Component R1 10K 5% 0603(1608)
Added Member To Class: ClassName=ball_dropper_rev2 Member=Component R2 16K2 1% 0603(1608)
Added Member To Class: ClassName=ball_dropper_rev2 Member=Component R3 100K 5% 0603(1608)
Added Member To Class: ClassName=ball_dropper_rev2 Member=Component R4 536K 1% 0603(1608)
Added Member To Class: ClassName=ball_dropper_rev2 Member=Component R5 40K2 1% 0603(1608)
Added Member To Class: ClassName=ball_dropper_rev2 Member=Component R7 100R 5% 0603(1608)
Added Member To Class: ClassName=ball_dropper_rev2 Member=Component R8 100R 5% 0603(1608)
Added Member To Class: ClassName=ball_dropper_rev2 Member=Component R9 100R 5% 0603(1608)
Added Member To Class: ClassName=ball_dropper_rev2 Member=Component R20 330R 5% 0603(1608)
Added Member To Class: ClassName=ball_dropper_rev2 Member=Component R21 330R 5% 0603(1608)
Added Member To Class: ClassName=ball_dropper_rev2 Member=Component R22 330R 5% 0603(1608)
Added Member To Class: ClassName=ball_dropper_rev2 Member=Component R23 330R 5% 0603(1608)
Added Member To Class: ClassName=ball_dropper_rev2 Member=Component R24 330R 5% 0603(1608)
Added Member To Class: ClassName=ball_dropper_rev2 Member=Component R25 4K7 5% 0603(1608)
Added Member To Class: ClassName=ball_dropper_rev2 Member=Component S1 TactileSwitch
Added Member To Class: ClassName=ball_dropper_rev2 Member=Component U3 LM3480
Added Member To Class: ClassName=ball_dropper_rev2 Member=Component U4 LT3480EMSE#TRPBF
Added Member To Class: ClassName=ball_dropper_rev2 Member=Component U7 33887 H-Bridge
Added Member To Class: ClassName=ball_dropper_rev2 Member=Component U8 LFLS7366R-TS
Added Member To Class: ClassName=ball_dropper_rev2 Member=Component U9 33887 H-Bridge
Added Member To Class: ClassName=ball_dropper_rev2 Member=Component U10 LFLS7366R-TS
Added Member To Class: ClassName=ball_dropper_rev2 Member=Component U11 33887 H-Bridge
Added Member To Class: ClassName=ball_dropper_rev2 Member=Component U12 LFLS7366R-TS
Added Member To Class: ClassName=ball_dropper_rev2 Member=Component X1 xtal4
Added Member To Class: ClassName=ball_dropper_rev2 Member=Component X3 xtal4
Added Member To Class: ClassName=ball_dropper_rev2 Member=Component X4 xtal4
Added Member To Class: ClassName=ball_dropper_rev2 Member=Component X5 xtal4
