Added Component: Designator=P1(DF3A-6P-2DS)
Added Component: Designator=U6(TSOP127P600X135-14N)
Added Pin To Net: NetName=MOT1_OUT1 Pin=P1-1
Added Pin To Net: NetName=MOT1_OUT2 Pin=P1-2
Added Pin To Net: NetName=MOT1_ENCA Pin=P1-3
Added Pin To Net: NetName=MOT1_ENCB Pin=P1-4
Added Pin To Net: NetName=5V Pin=P1-5
Added Pin To Net: NetName=GND Pin=P1-6
Added Pin To Net: NetName=NetC36_1 Pin=U6-1
Added Pin To Net: NetName=NetC35_1 Pin=U6-2
Added Pin To Net: NetName=GND Pin=U6-3
Added Pin To Net: NetName=MOT1_SS Pin=U6-4
Added Pin To Net: NetName=SCK Pin=U6-5
Added Pin To Net: NetName=MISO Pin=U6-6
Added Pin To Net: NetName=MOSI Pin=U6-7
Added Pin To Net: NetName=GND Pin=U6-8
Added Pin To Net: NetName=GND Pin=U6-9
Added Pin To Net: NetName=GND Pin=U6-10
Added Pin To Net: NetName=MOT1_ENCA Pin=U6-12
Added Pin To Net: NetName=5V Pin=U6-13
Added Pin To Net: NetName=5V Pin=U6-14
