Remove Pin=P2-3 From Net=SERVO1
Remove Pin=P3-4 From Net=GND
Remove Pin=P4-1 From Net=MISO
Remove Pin=P4-3 From Net=SCK
Remove Pin=P4-4 From Net=MOSI
Remove Pin=P4-5 From Net=RESET
Remove Pin=P5-2 From Net=BUTTON1
Remove Pin=P6-2 From Net=BUTTON2
Remove Pin=U1-1 From Net=BUTTON_OUT1
Remove Pin=U1-2 From Net=BUTTON_OUT2
Remove Pin=U1-10 From Net=SERVO1
Remove Pin=U1-11 From Net=LED3
Remove Pin=U1-12 From Net=LED2
Remove Pin=U1-13 From Net=LED1
Remove Pin=U1-14 From Net=SS
Remove Pin=U1-15 From Net=MOSI
Remove Pin=U1-16 From Net=MISO
Remove Pin=U1-17 From Net=SCK
Remove Pin=U1-32 From Net=RFM_INTERRUPT
Remove Pin=U3-1 From Net=BUTTON1
Remove Pin=U3-3 From Net=BUTTON2
Remove Pin=U3-4 From Net=BUTTON_OUT2
Remove Pin=U3-6 From Net=BUTTON_OUT1
Remove Pin=U5-2 From Net=RFM_INTERRUPT
Remove Pin=U5-12 From Net=SCK
Remove Pin=U5-13 From Net=MISO
Remove Pin=U5-14 From Net=MOSI
Remove Pin=U5-15 From Net=SS
