Removed Pin From Net: NetName=LED3 Pin=R5-2
Added Component: Designator=S1(2lead_low_profile_switch)
Added Component: Designator=U1(atmega44/88/168)
Added Component: Designator=U2(TLV61220_BOOST)
Added Component: Designator=U5(RFM69)
Added Pin To Net: NetName=GND Pin=P3-4
Added Pin To Net: NetName=RESET Pin=P4-5
Added Pin To Net: NetName=RESET Pin=S1-1
Added Pin To Net: NetName=GND Pin=S1-2
Added Pin To Net: NetName=GND Pin=U1-3
Added Pin To Net: NetName=3.7V Pin=U1-4
Added Pin To Net: NetName=GND Pin=U1-5
Added Pin To Net: NetName=3.7V Pin=U1-6
Added Pin To Net: NetName=LED3 Pin=U1-11
Added Pin To Net: NetName=LED2 Pin=U1-12
Added Pin To Net: NetName=LED1 Pin=U1-13
Added Pin To Net: NetName=3.7V Pin=U1-18
Added Pin To Net: NetName=3.7V Pin=U1-20
Added Pin To Net: NetName=GND Pin=U1-21
Added Pin To Net: NetName=RESET Pin=U1-29
Added Pin To Net: NetName=NetL1_2 Pin=U2-1
Added Pin To Net: NetName=GND Pin=U2-2
Added Pin To Net: NetName=3.7V Pin=U2-3
Added Pin To Net: NetName=NetR1_1 Pin=U2-4
Added Pin To Net: NetName=5.5V Pin=U2-5
Added Pin To Net: NetName=3.7V Pin=U2-6
Added Pin To Net: NetName=3.7V Pin=U5-8
Added Pin To Net: NetName=GND Pin=U5-9
Added Pin To Net: NetName=GND Pin=U5-11
Added Pin To Net: NetName=BUTTON1 Pin=P5-2
Added Pin To Net: NetName=BUTTON1 Pin=U3-1
Added Net: Name=BUTTON1
Added Pin To Net: NetName=BUTTON2 Pin=P6-2
Added Pin To Net: NetName=BUTTON2 Pin=U3-3
Added Net: Name=BUTTON2
Added Pin To Net: NetName=BUTTON_OUT1 Pin=U1-1
Added Pin To Net: NetName=BUTTON_OUT1 Pin=U3-6
Added Net: Name=BUTTON_OUT1
Added Pin To Net: NetName=BUTTON_OUT2 Pin=U1-2
Added Pin To Net: NetName=BUTTON_OUT2 Pin=U3-4
Added Net: Name=BUTTON_OUT2
Added Pin To Net: NetName=MISO Pin=P4-1
Added Pin To Net: NetName=MISO Pin=U1-16
Added Pin To Net: NetName=MISO Pin=U5-13
Added Net: Name=MISO
Added Pin To Net: NetName=MOSI Pin=P4-4
Added Pin To Net: NetName=MOSI Pin=U1-15
Added Pin To Net: NetName=MOSI Pin=U5-14
Added Net: Name=MOSI
Added Pin To Net: NetName=RFM_INTERRUPT Pin=U1-32
Added Pin To Net: NetName=RFM_INTERRUPT Pin=U5-2
Added Net: Name=RFM_INTERRUPT
Added Pin To Net: NetName=SCK Pin=P4-3
Added Pin To Net: NetName=SCK Pin=U1-17
Added Pin To Net: NetName=SCK Pin=U5-12
Added Net: Name=SCK
Added Pin To Net: NetName=SERVO1 Pin=P2-3
Added Pin To Net: NetName=SERVO1 Pin=U1-10
Added Net: Name=SERVO1
Added Pin To Net: NetName=SS Pin=U1-14
Added Pin To Net: NetName=SS Pin=U5-15
Added Net: Name=SS
Added Member To Class: ClassName=door_lock_controller Member=Component S1 2lead_low_profile_switch
Added Member To Class: ClassName=door_lock_controller Member=Component U1 atmega88
Added Member To Class: ClassName=door_lock_controller Member=Component U2 tlv61220_boost
Added Member To Class: ClassName=door_lock_controller Member=Component U5 RFM69
