Removed Pin From Net: NetName=RESET Pin=P5-1
Removed Pin From Net: NetName=SCK Pin=P5-2
Removed Pin From Net: NetName=MISO Pin=P5-3
Removed Pin From Net: NetName=MOSI Pin=P5-4
Removed Pin From Net: NetName=GND Pin=P6-1
Removed Pin From Net: NetName=SW1 Pin=P6-2
Removed Pin From Net: NetName=5V Pin=P6-3
Change Component Footprint: Designator=JMP1 Old Footprint=DF3A-2P-2DS New Footprint=DF3A-2P-2DS - Jumper
Change Component Footprint: Designator=JMP2 Old Footprint=DF3A-2P-2DS New Footprint=DF3A-2P-2DS - Jumper
Change Component Footprint: Designator=JMP3 Old Footprint=DF3A-2P-2DS New Footprint=DF3A-2P-2DS - Jumper
Change Component Footprint: Designator=JMP4 Old Footprint=DF3A-2P-2DS New Footprint=DF3A-2P-2DS - Jumper
Change Component Footprint: Designator=JMP5 Old Footprint=DF3A-2P-2DS New Footprint=DF3A-2P-2DS - Jumper
Change Component Footprint: Designator=JMP6 Old Footprint=DF3A-2P-2DS New Footprint=DF3A-2P-2DS - Jumper
Change Component Footprint: Designator=JMP7 Old Footprint=DF3A-2P-2DS New Footprint=DF3A-2P-2DS - Jumper
Change Component Footprint: Designator=JMP8 Old Footprint=DF3A-2P-2DS New Footprint=DF3A-2P-2DS - Jumper
Added Component: Designator=P15(DF3A-6P-2DS)
Added Component: Designator=P16(DF3A-3P-2DS-RA)
Added Pin To Net: NetName=MOT5_OUT1 Pin=P5-1
Added Pin To Net: NetName=MOT5_OUT2 Pin=P5-2
Added Pin To Net: NetName=MOT5_ENCA Pin=P5-3
Added Pin To Net: NetName=MOT5_ENCB Pin=P5-4
Added Pin To Net: NetName=MOT6_OUT1 Pin=P6-1
Added Pin To Net: NetName=MOT6_OUT2 Pin=P6-2
Added Pin To Net: NetName=MOT6_ENCA Pin=P6-3
Added Pin To Net: NetName=RESET Pin=P5-1
Added Pin To Net: NetName=SCK Pin=P5-2
Added Pin To Net: NetName=MISO Pin=P5-3
Added Pin To Net: NetName=MOSI Pin=P5-4
Added Pin To Net: NetName=5V Pin=P5-5
Added Pin To Net: NetName=GND Pin=P5-6
Added Pin To Net: NetName=GND Pin=P6-1
Added Pin To Net: NetName=SW1 Pin=P6-2
Added Pin To Net: NetName=5V Pin=P6-3
