Removed Pin From Net: NetName=MOT2_SS Pin=U1-5
Removed Pin From Net: NetName=MOT2_FS Pin=U1-6
Removed Pin From Net: NetName=MOT2_A Pin=U1-7
Removed Pin From Net: NetName=SW1 Pin=U1-8
Removed Pin From Net: NetName=SW2 Pin=U1-9
Removed Pin From Net: NetName=MOT2_B Pin=U1-15
Removed Pin From Net: NetName=MOT1_SS Pin=U1-18
Removed Pin From Net: NetName=MOT1_B Pin=U1-24
Removed Pin From Net: NetName=MOT1_EN Pin=U1-25
Removed Pin From Net: NetName=MOT4_A Pin=U1-26
Removed Pin From Net: NetName=MOT1_TRI_EN Pin=U1-27
Removed Pin From Net: NetName=NetR20_1 Pin=U1-28
Removed Pin From Net: NetName=NetR21_1 Pin=U1-29
Removed Pin From Net: NetName=MOT4_FS Pin=U1-35
Removed Pin From Net: NetName=MOT3_A Pin=U1-38
Removed Pin From Net: NetName=MOT3_B Pin=U1-39
Removed Pin From Net: NetName=PWM1 Pin=U1-40
Removed Pin From Net: NetName=BUTTON1 Pin=U1-41
Removed Pin From Net: NetName=BUTTON2 Pin=U1-42
Removed Pin From Net: NetName=MOT6_SS Pin=U1-58
Removed Pin From Net: NetName=MOT5_SS Pin=U1-59
Removed Pin From Net: NetName=MOT4_SS Pin=U1-60
Removed Pin From Net: NetName=MOT3_FS Pin=U1-71
Removed Pin From Net: NetName=MOT3_SS Pin=U1-72
Removed Pin From Net: NetName=MOT56_EN Pin=U1-73
Removed Pin From Net: NetName=MOT34_EN Pin=U1-74
Added Pin To Net: NetName=PWM1 Pin=U1-4
Added Pin To Net: NetName=MOT1_A Pin=U1-6
Added Pin To Net: NetName=MOT1_B Pin=U1-7
Added Pin To Net: NetName=MOT1_EN Pin=U1-8
Added Pin To Net: NetName=MOT1_FS Pin=U1-9
Added Pin To Net: NetName=MOT1_TRI_EN Pin=U1-14
Added Pin To Net: NetName=MOT2_A Pin=U1-15
Added Pin To Net: NetName=MOT2_FS Pin=U1-16
Added Pin To Net: NetName=MOT2_EN Pin=U1-17
Added Pin To Net: NetName=MOT2_B Pin=U1-18
Added Pin To Net: NetName=MOT4_A Pin=U1-24
Added Pin To Net: NetName=MOT3_A Pin=U1-25
Added Pin To Net: NetName=MOT3_B Pin=U1-26
Added Pin To Net: NetName=MOT34_EN Pin=U1-27
Added Pin To Net: NetName=MOT3_FS Pin=U1-28
Added Pin To Net: NetName=MOT2_TRI_EN Pin=U1-35
Added Pin To Net: NetName=MOT56_EN Pin=U1-36
Added Pin To Net: NetName=MOT5_A Pin=U1-37
Added Pin To Net: NetName=MOT5_B Pin=U1-38
Added Pin To Net: NetName=MOT6_A Pin=U1-39
Added Pin To Net: NetName=MOT6_B Pin=U1-40
Added Pin To Net: NetName=NetR21_1 Pin=U1-41
Added Pin To Net: NetName=NetR20_1 Pin=U1-42
