Removed Pin From Net: NetName=12V Pin=C2-1
Removed Pin From Net: NetName=NetH4_20 Pin=C2-1
Removed Pin From Net: NetName=GND Pin=C2-2
Removed Pin From Net: NetName=NetH4_18 Pin=C2-2
Removed Pin From Net: NetName=5V Pin=C3-1
Removed Pin From Net: NetName=GND Pin=C3-1
Removed Pin From Net: NetName=12V Pin=C3-2
Removed Pin From Net: NetName=NetH4_17 Pin=C3-2
Removed Pin From Net: NetName=GND Pin=C4-1
Removed Pin From Net: NetName=NetC4_1 Pin=C4-1
Removed Pin From Net: NetName=5V Pin=C4-2
Removed Pin From Net: NetName=NetC4_2 Pin=C4-2
Removed Pin From Net: NetName=NetC6_2 Pin=R2-1
Removed Pin From Net: NetName=NetR2_2 Pin=R2-2
Removed Pin From Net: NetName=GND Pin=R3-1
Removed Pin From Net: NetName=NetR3_2 Pin=R3-2
Removed Pin From Net: NetName=NetR3_2 Pin=R4-1
Removed Pin From Net: NetName=5V Pin=R4-2
Removed Pin From Net: NetName=MOT2_SS Pin=U1-5
Removed Pin From Net: NetName=MOT2_FS Pin=U1-6
Removed Pin From Net: NetName=MOT2_A Pin=U1-7
Removed Pin From Net: NetName=SW1 Pin=U1-8
Removed Pin From Net: NetName=SW2 Pin=U1-9
Removed Pin From Net: NetName=MOT2_B Pin=U1-15
Removed Pin From Net: NetName=MOT1_SS Pin=U1-18
Removed Pin From Net: NetName=MOT1_B Pin=U1-24
Removed Pin From Net: NetName=MOT1_EN Pin=U1-25
Removed Pin From Net: NetName=MOT4_A Pin=U1-26
Removed Pin From Net: NetName=MOT1_TRI_EN Pin=U1-27
Removed Pin From Net: NetName=NetR20_1 Pin=U1-28
Removed Pin From Net: NetName=NetR21_1 Pin=U1-29
Removed Pin From Net: NetName=MOT4_FS Pin=U1-35
Removed Pin From Net: NetName=MOT3_A Pin=U1-38
Removed Pin From Net: NetName=MOT3_B Pin=U1-39
Removed Pin From Net: NetName=PWM1 Pin=U1-40
Removed Pin From Net: NetName=BUTTON1 Pin=U1-41
Removed Pin From Net: NetName=BUTTON2 Pin=U1-42
Removed Pin From Net: NetName=MOT6_SS Pin=U1-58
Removed Pin From Net: NetName=MOT5_SS Pin=U1-59
Removed Pin From Net: NetName=MOT4_SS Pin=U1-60
Removed Pin From Net: NetName=MOT3_FS Pin=U1-71
Removed Pin From Net: NetName=MOT3_SS Pin=U1-72
Removed Pin From Net: NetName=MOT56_EN Pin=U1-73
Removed Pin From Net: NetName=MOT34_EN Pin=U1-74
Change Component DesignItemId : Designator=C3 Old DesignItemId=CMP-1035-02582-1 New DesignItemId=CMP-1035-02800-1
Change Component DesignItemId : Designator=C2 Old DesignItemId=CMP-1035-02582-1 New DesignItemId=TantalumCap7343
Change Component DesignItemId : Designator=C4 Old DesignItemId=CMP-1035-02799-1 New DesignItemId=CMP-1035-02701-1
Change Component Footprint: Designator=C3 Old Footprint=CAPC0603(1608)100_N New Footprint=CAPC0603(1608)100_M
Change Component Footprint: Designator=C2 Old Footprint=CAPC0603(1608)100_N New Footprint=TantalumCap7343
Change Component Comment : Designator=C3 Old Comment=100nF New Comment=10uF
Change Component Comment : Designator=C2 Old Comment=100nF New Comment=100uF
Change Component Comment : Designator=C4 Old Comment=CAP 10uF 10V 0603(1608) New Comment=470nF
Change Component Designator: OldDesignator=C1 NewDesignator=H3C1
Change Component Designator: OldDesignator=C1 NewDesignator=H4C1
Change Component Designator: OldDesignator=C2 NewDesignator=H3C2
Change Component Designator: OldDesignator=C3 NewDesignator=H3C3
Change Component Designator: OldDesignator=C4 NewDesignator=H3C4
Change Component Designator: OldDesignator=R1 NewDesignator=H3R1
Change Component Designator: OldDesignator=R1 NewDesignator=H4R1
Change Component Designator: OldDesignator=R2 NewDesignator=H3R2
Change Component Designator: OldDesignator=R2 NewDesignator=H4R2
Change Component Designator: OldDesignator=R3 NewDesignator=H3R3
Change Component Designator: OldDesignator=R3 NewDesignator=H4R3
Change Component Designator: OldDesignator=R4 NewDesignator=H3R4
Change Component Designator: OldDesignator=R4 NewDesignator=H4R4
Change Component Description : Designator=C4 Old Description=CAP 10uF 10V Â±10% 0603 (1608 Metric) Thickness 1mm SMD New Description=CAP 470nF 16V ±20% 0603 (1608 Metric) Thickness 1mm SMD
Added Component: Designator=H4C2(CAPC0603(1608)100_N)
Added Component: Designator=H4C3(CAPC0603(1608)100_N)
Added Component: Designator=H4C4(CAPC0603(1608)100_N)
Added Component: Designator=R2(RESC0603(1608)_N)
Added Component: Designator=R3(RESC0603(1608)_N)
Added Component: Designator=R4(RESC0603(1608)_M)
Added Pin To Net: NetName=12V Pin=C2-1
Added Pin To Net: NetName=GND Pin=C2-2
Added Pin To Net: NetName=GND Pin=C3-1
Added Pin To Net: NetName=12V Pin=C3-2
Added Pin To Net: NetName=NetC4_1 Pin=C4-1
Added Pin To Net: NetName=NetC4_2 Pin=C4-2
Added Pin To Net: NetName=NetH4_20 Pin=C2-1
Added Pin To Net: NetName=NetH4_18 Pin=C2-2
Added Pin To Net: NetName=5V Pin=C3-1
Added Pin To Net: NetName=NetH4_17 Pin=C3-2
Added Pin To Net: NetName=GND Pin=C4-1
Added Pin To Net: NetName=5V Pin=C4-2
Added Pin To Net: NetName=NetC6_2 Pin=R2-1
Added Pin To Net: NetName=NetR2_2 Pin=R2-2
Added Pin To Net: NetName=GND Pin=R3-1
Added Pin To Net: NetName=NetR3_2 Pin=R3-2
Added Pin To Net: NetName=NetR3_2 Pin=R4-1
Added Pin To Net: NetName=5V Pin=R4-2
Added Pin To Net: NetName=PWM1 Pin=U1-4
Added Pin To Net: NetName=MOT1_A Pin=U1-6
Added Pin To Net: NetName=MOT1_B Pin=U1-7
Added Pin To Net: NetName=MOT1_EN Pin=U1-8
Added Pin To Net: NetName=MOT1_FS Pin=U1-9
Added Pin To Net: NetName=MOT1_TRI_EN Pin=U1-14
Added Pin To Net: NetName=MOT2_A Pin=U1-15
Added Pin To Net: NetName=MOT2_FS Pin=U1-16
Added Pin To Net: NetName=MOT2_EN Pin=U1-17
Added Pin To Net: NetName=MOT2_B Pin=U1-18
Added Pin To Net: NetName=MOT4_A Pin=U1-24
Added Pin To Net: NetName=MOT3_A Pin=U1-25
Added Pin To Net: NetName=MOT3_B Pin=U1-26
Added Pin To Net: NetName=MOT34_EN Pin=U1-27
Added Pin To Net: NetName=MOT3_FS Pin=U1-28
Added Pin To Net: NetName=MOT2_TRI_EN Pin=U1-35
Added Pin To Net: NetName=MOT56_EN Pin=U1-36
Added Pin To Net: NetName=MOT5_A Pin=U1-37
Added Pin To Net: NetName=MOT5_B Pin=U1-38
Added Pin To Net: NetName=MOT6_A Pin=U1-39
Added Pin To Net: NetName=MOT6_B Pin=U1-40
Added Pin To Net: NetName=NetR21_1 Pin=U1-41
Added Pin To Net: NetName=NetR20_1 Pin=U1-42
