Added Component: Designator=C2(TantalumCap7343)
Added Component: Designator=C3(CAPC0603(1608)100_M)
Added Component: Designator=C4(CAPC0603(1608)100_N)
Added Component: Designator=C5(TantalumCap7343)
Added Component: Designator=C6(CAPC0603(1608)100_N)
Added Component: Designator=C7(CAPC0603(1608)100_N)
Added Component: Designator=C8(CAPC1206(3216)190_M)
Added Component: Designator=C9(CAPC0603(1608)100_M)
Added Component: Designator=C12(CAPC0603(1608)100_N)
Added Component: Designator=C13(CAPC0603(1608)100_N)
Added Component: Designator=C14(CAPC0603(1608)100_N)
Added Component: Designator=C15(CAPC0603(1608)100_N)
Added Component: Designator=C16(CAPC0603(1608)100_N)
Added Component: Designator=C17(CAPC0603(1608)100_N)
Added Component: Designator=C18(CAPC0603(1608)100_N)
Added Component: Designator=C20(TantalumCap7343)
Added Component: Designator=C21(CAPC0603(1608)100_N)
Added Component: Designator=C22(CAPC0603(1608)100_N)
Added Component: Designator=C25(CAPC0603(1608)100_N)
Added Component: Designator=C26(CAPC0603(1608)100_N)
Added Component: Designator=C29(CAPC0603(1608)100_N)
Added Component: Designator=C30(CAPC0603(1608)100_N)
Added Component: Designator=C32(TantalumCap7343)
Added Component: Designator=C33(CAPC0603(1608)100_N)
Added Component: Designator=C35(CAPC0603(1608)100_N)
Added Component: Designator=C36(CAPC0603(1608)100_N)
Added Component: Designator=C37(CAPC0603(1608)100_N)
Added Component: Designator=C38(CAPC0603(1608)100_N)
Added Component: Designator=C39(CAPC0603(1608)100_N)
Added Component: Designator=C40(CAPC0603(1608)100_N)
Added Component: Designator=C41(CAPC0603(1608)100_N)
Added Component: Designator=C42(CAPC0603(1608)100_N)
Added Component: Designator=C46(CAPC0603(1608)100_N)
Added Component: Designator=C47(CAPC0603(1608)100_N)
Added Component: Designator=C48(CAPC0603(1608)100_N)
Added Component: Designator=C49(CAPC0603(1608)100_N)
Added Component: Designator=D1(C1206)
Added Component: Designator=D2(diode_B340A)
Added Component: Designator=D3(KING-LED0603-25-ORANGE_V)
Added Component: Designator=D4(KING-LED0603-25-ORANGE_V)
Added Component: Designator=D5(KING-LED0603-25-ORANGE_V)
Added Component: Designator=D6(KING-LED0603-25-ORANGE_V)
Added Component: Designator=D7(KING-LED0603-25-ORANGE_V)
Added Component: Designator=H1(MC33887-QFN)
Added Component: Designator=H2(MC33887-QFN)
Added Component: Designator=H3(MC33887-QFN)
Added Component: Designator=H4(MC33887-QFN)
Added Component: Designator=L1(TYS6045)
Added Component: Designator=Logo1(NIMBUS Logo)
Added Component: Designator=P1(DF3A-6P-2DS)
Added Component: Designator=P2(DF3A-6P-2DS)
Added Component: Designator=P3(DF3A-6P-2DS)
Added Component: Designator=P4(DF3A-6P-2DS)
Added Component: Designator=P5(DF3A-6P-2DS)
Added Component: Designator=P6(DF3A-3P-2DS)
Added Component: Designator=P7(DF3A-3P-2DS)
Added Component: Designator=P8(DF3A-3P-2DS)
Added Component: Designator=P9(DF3A-2P-2DS)
Added Component: Designator=P10(DF3A-2P-2DS)
Added Component: Designator=P11(DF3A-2P-2DS)
Added Component: Designator=P12(DF3A-2P-2DS)
Added Component: Designator=P13(HDR1X2H)
Added Component: Designator=P14(DF3A-3P-2DS)
Added Component: Designator=P15(DF3A-3P-2DS)
Added Component: Designator=P16(DF3A-3P-2DS)
Added Component: Designator=P20(DF3A-6P-2DS)
Added Component: Designator=P21(DF3A-4P-2DS)
Added Component: Designator=R1(RESC0603(1608)_N)
Added Component: Designator=R2(RESC0603(1608)_N)
Added Component: Designator=R3(RESC0603(1608)_N)
Added Component: Designator=R4(RESC0603(1608)_M)
Added Component: Designator=R5(RESC0603(1608)_M)
Added Component: Designator=R6(RESC0603(1608)_N)
Added Component: Designator=R7(RESC0603(1608)_N)
Added Component: Designator=R8(RESC0603(1608)_N)
Added Component: Designator=R9(RESC0603(1608)_N)
Added Component: Designator=R20(RESC0603(1608)_L)
Added Component: Designator=R21(RESC0603(1608)_L)
Added Component: Designator=R22(RESC0603(1608)_L)
Added Component: Designator=R23(RESC0603(1608)_L)
Added Component: Designator=R25(RESC0603(1608)_N)
Added Component: Designator=R26(RESC0603(1608)_N)
Added Component: Designator=S1(LOW_PROFILE_W_GND)
Added Component: Designator=S2(LOW_PROFILE_W_GND)
Added Component: Designator=S3(LOW_PROFILE_W_GND)
Added Component: Designator=U1(TSQFP50P1600X1600X160-100N)
Added Component: Designator=U2(XBEE PRO)
Added Component: Designator=U3(LM3480)
Added Component: Designator=U4(LT-MSE-10-EDP_L)
Added Component: Designator=U6(LS7366RTS)
Added Component: Designator=U8(LS7366RTS)
Added Component: Designator=U10(LS7366RTS)
Added Component: Designator=U12(LS7366RTS)
Added Component: Designator=X2(xtal4)
Added Component: Designator=X3(xtal4)
Added Component: Designator=X4(xtal4)
Added Component: Designator=X5(xtal4)
Added Pin To Net: NetName=3.3V Pin=C8-2
Added Pin To Net: NetName=3.3V Pin=R1-2
Added Pin To Net: NetName=3.3V Pin=U1-19
Added Pin To Net: NetName=3.3V Pin=U2-1
Added Pin To Net: NetName=3.3V Pin=U3-1
Added Net: Name=3.3V
Added Pin To Net: NetName=5V Pin=C5-1
Added Pin To Net: NetName=5V Pin=C7-2
Added Pin To Net: NetName=5V Pin=C12-2
Added Pin To Net: NetName=5V Pin=C13-2
Added Pin To Net: NetName=5V Pin=C14-2
Added Pin To Net: NetName=5V Pin=C15-1
Added Pin To Net: NetName=5V Pin=C16-2
Added Pin To Net: NetName=5V Pin=C17-2
Added Pin To Net: NetName=5V Pin=C46-2
Added Pin To Net: NetName=5V Pin=C47-2
Added Pin To Net: NetName=5V Pin=C48-2
Added Pin To Net: NetName=5V Pin=C49-2
Added Pin To Net: NetName=5V Pin=L1-1
Added Pin To Net: NetName=5V Pin=P1-5
Added Pin To Net: NetName=5V Pin=P2-5
Added Pin To Net: NetName=5V Pin=P3-5
Added Pin To Net: NetName=5V Pin=P5-5
Added Pin To Net: NetName=5V Pin=P6-3
Added Pin To Net: NetName=5V Pin=P7-3
Added Pin To Net: NetName=5V Pin=P8-2
Added Pin To Net: NetName=5V Pin=P11-1
Added Pin To Net: NetName=5V Pin=P14-2
Added Pin To Net: NetName=5V Pin=P15-2
Added Pin To Net: NetName=5V Pin=P16-2
Added Pin To Net: NetName=5V Pin=P20-5
Added Pin To Net: NetName=5V Pin=P21-3
Added Pin To Net: NetName=5V Pin=R4-2
Added Pin To Net: NetName=5V Pin=R25-2
Added Pin To Net: NetName=5V Pin=U1-10
Added Pin To Net: NetName=5V Pin=U1-31
Added Pin To Net: NetName=5V Pin=U1-61
Added Pin To Net: NetName=5V Pin=U1-80
Added Pin To Net: NetName=5V Pin=U1-98
Added Pin To Net: NetName=5V Pin=U1-100
Added Pin To Net: NetName=5V Pin=U3-2
Added Pin To Net: NetName=5V Pin=U4-1
Added Pin To Net: NetName=5V Pin=U6-13
Added Pin To Net: NetName=5V Pin=U6-14
Added Pin To Net: NetName=5V Pin=U8-13
Added Pin To Net: NetName=5V Pin=U8-14
Added Pin To Net: NetName=5V Pin=U10-13
Added Pin To Net: NetName=5V Pin=U10-14
Added Pin To Net: NetName=5V Pin=U12-13
Added Pin To Net: NetName=5V Pin=U12-14
Added Net: Name=5V
Added Pin To Net: NetName=BUTTON1 Pin=S2-3
Added Pin To Net: NetName=BUTTON1 Pin=U1-41
Added Net: Name=BUTTON1
Added Pin To Net: NetName=BUTTON2 Pin=S3-3
Added Pin To Net: NetName=BUTTON2 Pin=U1-42
Added Net: Name=BUTTON2
Added Pin To Net: NetName=DIO1 Pin=P15-1
Added Pin To Net: NetName=DIO1 Pin=U1-52
Added Net: Name=DIO1
Added Pin To Net: NetName=DIO2 Pin=P16-1
Added Pin To Net: NetName=DIO2 Pin=U1-51
Added Net: Name=DIO2
Added Pin To Net: NetName=DISP_SS Pin=P20-1
Added Net: Name=DISP_SS
Added Pin To Net: NetName=GND Pin=C2-2
Added Pin To Net: NetName=GND Pin=C3-1
Added Pin To Net: NetName=GND Pin=C5-2
Added Pin To Net: NetName=GND Pin=C6-1
Added Pin To Net: NetName=GND Pin=C7-1
Added Pin To Net: NetName=GND Pin=C8-1
Added Pin To Net: NetName=GND Pin=C9-1
Added Pin To Net: NetName=GND Pin=C12-1
Added Pin To Net: NetName=GND Pin=C13-1
Added Pin To Net: NetName=GND Pin=C14-1
Added Pin To Net: NetName=GND Pin=C15-2
Added Pin To Net: NetName=GND Pin=C16-1
Added Pin To Net: NetName=GND Pin=C17-1
Added Pin To Net: NetName=GND Pin=C18-1
Added Pin To Net: NetName=GND Pin=C20-1
Added Pin To Net: NetName=GND Pin=C21-1
Added Pin To Net: NetName=GND Pin=C22-1
Added Pin To Net: NetName=GND Pin=C25-1
Added Pin To Net: NetName=GND Pin=C26-1
Added Pin To Net: NetName=GND Pin=C29-1
Added Pin To Net: NetName=GND Pin=C30-1
Added Pin To Net: NetName=GND Pin=C32-1
Added Pin To Net: NetName=GND Pin=C33-1
Added Pin To Net: NetName=GND Pin=C35-2
Added Pin To Net: NetName=GND Pin=C36-2
Added Pin To Net: NetName=GND Pin=C37-2
Added Pin To Net: NetName=GND Pin=C38-2
Added Pin To Net: NetName=GND Pin=C39-2
Added Pin To Net: NetName=GND Pin=C40-2
Added Pin To Net: NetName=GND Pin=C41-2
Added Pin To Net: NetName=GND Pin=C42-2
Added Pin To Net: NetName=GND Pin=C46-1
Added Pin To Net: NetName=GND Pin=C47-1
Added Pin To Net: NetName=GND Pin=C48-1
Added Pin To Net: NetName=GND Pin=C49-1
Added Pin To Net: NetName=GND Pin=D2-1
Added Pin To Net: NetName=GND Pin=D3-2
Added Pin To Net: NetName=GND Pin=D4-2
Added Pin To Net: NetName=GND Pin=D5-2
Added Pin To Net: NetName=GND Pin=D6-2
Added Pin To Net: NetName=GND Pin=D7-2
Added Pin To Net: NetName=GND Pin=H1-2
Added Pin To Net: NetName=GND Pin=H1-8
Added Pin To Net: NetName=GND Pin=H1-21
Added Pin To Net: NetName=GND Pin=H1-22
Added Pin To Net: NetName=GND Pin=H1-23
Added Pin To Net: NetName=GND Pin=H1-24
Added Pin To Net: NetName=GND Pin=H1-25
Added Pin To Net: NetName=GND Pin=H1-26
Added Pin To Net: NetName=GND Pin=H2-2
Added Pin To Net: NetName=GND Pin=H2-8
Added Pin To Net: NetName=GND Pin=H2-21
Added Pin To Net: NetName=GND Pin=H2-22
Added Pin To Net: NetName=GND Pin=H2-23
Added Pin To Net: NetName=GND Pin=H2-24
Added Pin To Net: NetName=GND Pin=H2-25
Added Pin To Net: NetName=GND Pin=H2-26
Added Pin To Net: NetName=GND Pin=H3-2
Added Pin To Net: NetName=GND Pin=H3-8
Added Pin To Net: NetName=GND Pin=H3-21
Added Pin To Net: NetName=GND Pin=H3-22
Added Pin To Net: NetName=GND Pin=H3-23
Added Pin To Net: NetName=GND Pin=H3-24
Added Pin To Net: NetName=GND Pin=H3-25
Added Pin To Net: NetName=GND Pin=H3-26
Added Pin To Net: NetName=GND Pin=H4-2
Added Pin To Net: NetName=GND Pin=H4-8
Added Pin To Net: NetName=GND Pin=H4-21
Added Pin To Net: NetName=GND Pin=H4-22
Added Pin To Net: NetName=GND Pin=H4-23
Added Pin To Net: NetName=GND Pin=H4-24
Added Pin To Net: NetName=GND Pin=H4-25
Added Pin To Net: NetName=GND Pin=H4-26
Added Pin To Net: NetName=GND Pin=P1-6
Added Pin To Net: NetName=GND Pin=P2-6
Added Pin To Net: NetName=GND Pin=P3-6
Added Pin To Net: NetName=GND Pin=P5-6
Added Pin To Net: NetName=GND Pin=P6-1
Added Pin To Net: NetName=GND Pin=P7-1
Added Pin To Net: NetName=GND Pin=P8-3
Added Pin To Net: NetName=GND Pin=P9-2
Added Pin To Net: NetName=GND Pin=P10-2
Added Pin To Net: NetName=GND Pin=P11-2
Added Pin To Net: NetName=GND Pin=P12-2
Added Pin To Net: NetName=GND Pin=P14-3
Added Pin To Net: NetName=GND Pin=P15-3
Added Pin To Net: NetName=GND Pin=P16-3
Added Pin To Net: NetName=GND Pin=P20-6
Added Pin To Net: NetName=GND Pin=P21-4
Added Pin To Net: NetName=GND Pin=R3-1
Added Pin To Net: NetName=GND Pin=R5-2
Added Pin To Net: NetName=GND Pin=R6-1
Added Pin To Net: NetName=GND Pin=R7-1
Added Pin To Net: NetName=GND Pin=R8-1
Added Pin To Net: NetName=GND Pin=R9-1
Added Pin To Net: NetName=GND Pin=S1-4
Added Pin To Net: NetName=GND Pin=S1-GND
Added Pin To Net: NetName=GND Pin=S1-GND
Added Pin To Net: NetName=GND Pin=S2-4
Added Pin To Net: NetName=GND Pin=S2-GND
Added Pin To Net: NetName=GND Pin=S2-GND
Added Pin To Net: NetName=GND Pin=S3-4
Added Pin To Net: NetName=GND Pin=S3-GND
Added Pin To Net: NetName=GND Pin=S3-GND
Added Pin To Net: NetName=GND Pin=U1-11
Added Pin To Net: NetName=GND Pin=U1-32
Added Pin To Net: NetName=GND Pin=U1-62
Added Pin To Net: NetName=GND Pin=U1-81
Added Pin To Net: NetName=GND Pin=U1-99
Added Pin To Net: NetName=GND Pin=U2-10
Added Pin To Net: NetName=GND Pin=U3-3
Added Pin To Net: NetName=GND Pin=U4-6
Added Pin To Net: NetName=GND Pin=U4-11
Added Pin To Net: NetName=GND Pin=U6-3
Added Pin To Net: NetName=GND Pin=U6-8
Added Pin To Net: NetName=GND Pin=U6-9
Added Pin To Net: NetName=GND Pin=U6-10
Added Pin To Net: NetName=GND Pin=U8-3
Added Pin To Net: NetName=GND Pin=U8-8
Added Pin To Net: NetName=GND Pin=U8-9
Added Pin To Net: NetName=GND Pin=U8-10
Added Pin To Net: NetName=GND Pin=U10-3
Added Pin To Net: NetName=GND Pin=U10-8
Added Pin To Net: NetName=GND Pin=U10-9
Added Pin To Net: NetName=GND Pin=U10-10
Added Pin To Net: NetName=GND Pin=U12-3
Added Pin To Net: NetName=GND Pin=U12-8
Added Pin To Net: NetName=GND Pin=U12-9
Added Pin To Net: NetName=GND Pin=U12-10
Added Net: Name=GND
Added Pin To Net: NetName=MISO Pin=P5-3
Added Pin To Net: NetName=MISO Pin=U1-22
Added Pin To Net: NetName=MISO Pin=U6-6
Added Pin To Net: NetName=MISO Pin=U8-6
Added Pin To Net: NetName=MISO Pin=U10-6
Added Pin To Net: NetName=MISO Pin=U12-6
Added Net: Name=MISO
Added Pin To Net: NetName=MOSI Pin=P5-4
Added Pin To Net: NetName=MOSI Pin=P20-4
Added Pin To Net: NetName=MOSI Pin=U1-21
Added Pin To Net: NetName=MOSI Pin=U6-7
Added Pin To Net: NetName=MOSI Pin=U8-7
Added Pin To Net: NetName=MOSI Pin=U10-7
Added Pin To Net: NetName=MOSI Pin=U12-7
Added Net: Name=MOSI
Added Pin To Net: NetName=MOT1_A Pin=H1-11
Added Pin To Net: NetName=MOT1_A Pin=U1-16
Added Net: Name=MOT1_A
Added Pin To Net: NetName=MOT1_B Pin=H1-3
Added Pin To Net: NetName=MOT1_B Pin=U1-24
Added Net: Name=MOT1_B
Added Pin To Net: NetName=MOT1_ENCA Pin=P1-3
Added Pin To Net: NetName=MOT1_ENCA Pin=U6-12
Added Net: Name=MOT1_ENCA
Added Pin To Net: NetName=MOT1_ENCB Pin=P1-4
Added Pin To Net: NetName=MOT1_ENCB Pin=U6-11
Added Net: Name=MOT1_ENCB
Added Pin To Net: NetName=MOT1_EN Pin=H1-4
Added Pin To Net: NetName=MOT1_EN Pin=U1-25
Added Net: Name=MOT1_EN
Added Pin To Net: NetName=MOT1_FB Pin=C18-2
Added Pin To Net: NetName=MOT1_FB Pin=H1-20
Added Pin To Net: NetName=MOT1_FB Pin=R6-2
Added Pin To Net: NetName=MOT1_FB Pin=U1-87
Added Net: Name=MOT1_FB
Added Pin To Net: NetName=MOT1_FS Pin=H1-9
Added Pin To Net: NetName=MOT1_FS Pin=U1-17
Added Net: Name=MOT1_FS
Added Pin To Net: NetName=MOT1_OUT1 Pin=H1-14
Added Pin To Net: NetName=MOT1_OUT1 Pin=H1-15
Added Pin To Net: NetName=MOT1_OUT1 Pin=H1-17
Added Pin To Net: NetName=MOT1_OUT1 Pin=H1-18
Added Pin To Net: NetName=MOT1_OUT1 Pin=P1-1
Added Net: Name=MOT1_OUT1
Added Pin To Net: NetName=MOT1_OUT2 Pin=H1-29
Added Pin To Net: NetName=MOT1_OUT2 Pin=H1-30
Added Pin To Net: NetName=MOT1_OUT2 Pin=H1-32
Added Pin To Net: NetName=MOT1_OUT2 Pin=H1-33
Added Pin To Net: NetName=MOT1_OUT2 Pin=H1-33
Added Pin To Net: NetName=MOT1_OUT2 Pin=P1-2
Added Net: Name=MOT1_OUT2
Added Pin To Net: NetName=MOT1_SS Pin=U1-18
Added Pin To Net: NetName=MOT1_SS Pin=U6-4
Added Net: Name=MOT1_SS
Added Pin To Net: NetName=MOT1_TRI_EN Pin=H1-27
Added Pin To Net: NetName=MOT1_TRI_EN Pin=U1-27
Added Net: Name=MOT1_TRI_EN
Added Pin To Net: NetName=MOT2_A Pin=H2-11
Added Pin To Net: NetName=MOT2_A Pin=U1-7
Added Net: Name=MOT2_A
Added Pin To Net: NetName=MOT2_B Pin=H2-3
Added Pin To Net: NetName=MOT2_B Pin=U1-15
Added Net: Name=MOT2_B
Added Pin To Net: NetName=MOT2_ENCA Pin=P2-3
Added Pin To Net: NetName=MOT2_ENCA Pin=U8-12
Added Net: Name=MOT2_ENCA
Added Pin To Net: NetName=MOT2_ENCB Pin=P2-4
Added Pin To Net: NetName=MOT2_ENCB Pin=U8-11
Added Net: Name=MOT2_ENCB
Added Pin To Net: NetName=MOT2_EN Pin=H2-4
Added Pin To Net: NetName=MOT2_EN Pin=U1-13
Added Net: Name=MOT2_EN
Added Pin To Net: NetName=MOT2_FB Pin=C22-2
Added Pin To Net: NetName=MOT2_FB Pin=H2-20
Added Pin To Net: NetName=MOT2_FB Pin=R7-2
Added Pin To Net: NetName=MOT2_FB Pin=U1-97
Added Net: Name=MOT2_FB
Added Pin To Net: NetName=MOT2_FS Pin=H2-9
Added Pin To Net: NetName=MOT2_FS Pin=U1-6
Added Net: Name=MOT2_FS
Added Pin To Net: NetName=MOT2_OUT1 Pin=H2-14
Added Pin To Net: NetName=MOT2_OUT1 Pin=H2-15
Added Pin To Net: NetName=MOT2_OUT1 Pin=H2-17
Added Pin To Net: NetName=MOT2_OUT1 Pin=H2-18
Added Pin To Net: NetName=MOT2_OUT1 Pin=P2-1
Added Net: Name=MOT2_OUT1
Added Pin To Net: NetName=MOT2_OUT2 Pin=H2-29
Added Pin To Net: NetName=MOT2_OUT2 Pin=H2-30
Added Pin To Net: NetName=MOT2_OUT2 Pin=H2-32
Added Pin To Net: NetName=MOT2_OUT2 Pin=H2-33
Added Pin To Net: NetName=MOT2_OUT2 Pin=H2-33
Added Pin To Net: NetName=MOT2_OUT2 Pin=P2-2
Added Net: Name=MOT2_OUT2
Added Pin To Net: NetName=MOT2_SS Pin=U1-5
Added Pin To Net: NetName=MOT2_SS Pin=U8-4
Added Net: Name=MOT2_SS
Added Pin To Net: NetName=MOT2_TRI_EN Pin=H2-27
Added Pin To Net: NetName=MOT2_TRI_EN Pin=U1-12
Added Net: Name=MOT2_TRI_EN
Added Pin To Net: NetName=MOT3_A Pin=H3-11
Added Pin To Net: NetName=MOT3_A Pin=U1-38
Added Net: Name=MOT3_A
Added Pin To Net: NetName=MOT3_B Pin=H3-3
Added Pin To Net: NetName=MOT3_B Pin=U1-39
Added Net: Name=MOT3_B
Added Pin To Net: NetName=MOT3_ENCA Pin=P3-3
Added Pin To Net: NetName=MOT3_ENCA Pin=U10-12
Added Net: Name=MOT3_ENCA
Added Pin To Net: NetName=MOT3_ENCB Pin=P3-4
Added Pin To Net: NetName=MOT3_ENCB Pin=U10-11
Added Net: Name=MOT3_ENCB
Added Pin To Net: NetName=MOT3_EN Pin=H3-4
Added Pin To Net: NetName=MOT3_EN Pin=U1-74
Added Net: Name=MOT3_EN
Added Pin To Net: NetName=MOT3_FB Pin=C26-2
Added Pin To Net: NetName=MOT3_FB Pin=H3-20
Added Pin To Net: NetName=MOT3_FB Pin=R8-2
Added Pin To Net: NetName=MOT3_FB Pin=U1-85
Added Net: Name=MOT3_FB
Added Pin To Net: NetName=MOT3_FS Pin=H3-9
Added Pin To Net: NetName=MOT3_FS Pin=U1-71
Added Net: Name=MOT3_FS
Added Pin To Net: NetName=MOT3_OUT1 Pin=H3-14
Added Pin To Net: NetName=MOT3_OUT1 Pin=H3-15
Added Pin To Net: NetName=MOT3_OUT1 Pin=H3-17
Added Pin To Net: NetName=MOT3_OUT1 Pin=H3-18
Added Pin To Net: NetName=MOT3_OUT1 Pin=P3-1
Added Net: Name=MOT3_OUT1
Added Pin To Net: NetName=MOT3_OUT2 Pin=H3-29
Added Pin To Net: NetName=MOT3_OUT2 Pin=H3-30
Added Pin To Net: NetName=MOT3_OUT2 Pin=H3-32
Added Pin To Net: NetName=MOT3_OUT2 Pin=H3-33
Added Pin To Net: NetName=MOT3_OUT2 Pin=H3-33
Added Pin To Net: NetName=MOT3_OUT2 Pin=P3-2
Added Net: Name=MOT3_OUT2
Added Pin To Net: NetName=MOT3_SS Pin=U1-72
Added Pin To Net: NetName=MOT3_SS Pin=U10-4
Added Net: Name=MOT3_SS
Added Pin To Net: NetName=MOT3_TRI_EN Pin=H3-27
Added Pin To Net: NetName=MOT3_TRI_EN Pin=U1-73
Added Net: Name=MOT3_TRI_EN
Added Pin To Net: NetName=MOT4_A Pin=H4-11
Added Pin To Net: NetName=MOT4_A Pin=U1-26
Added Net: Name=MOT4_A
Added Pin To Net: NetName=MOT4_B Pin=H4-3
Added Pin To Net: NetName=MOT4_B Pin=U1-23
Added Net: Name=MOT4_B
Added Pin To Net: NetName=MOT4_ENCA Pin=P4-3
Added Pin To Net: NetName=MOT4_ENCA Pin=U12-12
Added Net: Name=MOT4_ENCA
Added Pin To Net: NetName=MOT4_ENCB Pin=P4-4
Added Pin To Net: NetName=MOT4_ENCB Pin=U12-11
Added Net: Name=MOT4_ENCB
Added Pin To Net: NetName=MOT4_EN Pin=H4-4
Added Pin To Net: NetName=MOT4_EN Pin=U1-70
Added Net: Name=MOT4_EN
Added Pin To Net: NetName=MOT4_FB Pin=C30-2
Added Pin To Net: NetName=MOT4_FB Pin=H4-20
Added Pin To Net: NetName=MOT4_FB Pin=R9-2
Added Pin To Net: NetName=MOT4_FB Pin=U1-86
Added Net: Name=MOT4_FB
Added Pin To Net: NetName=MOT4_FS Pin=H4-9
Added Pin To Net: NetName=MOT4_FS Pin=U1-35
Added Net: Name=MOT4_FS
Added Pin To Net: NetName=MOT4_OUT1 Pin=H4-14
Added Pin To Net: NetName=MOT4_OUT1 Pin=H4-15
Added Pin To Net: NetName=MOT4_OUT1 Pin=H4-17
Added Pin To Net: NetName=MOT4_OUT1 Pin=H4-18
Added Pin To Net: NetName=MOT4_OUT1 Pin=P4-1
Added Net: Name=MOT4_OUT1
Added Pin To Net: NetName=MOT4_OUT2 Pin=H4-29
Added Pin To Net: NetName=MOT4_OUT2 Pin=H4-30
Added Pin To Net: NetName=MOT4_OUT2 Pin=H4-32
Added Pin To Net: NetName=MOT4_OUT2 Pin=H4-33
Added Pin To Net: NetName=MOT4_OUT2 Pin=H4-33
Added Pin To Net: NetName=MOT4_OUT2 Pin=P4-2
Added Net: Name=MOT4_OUT2
Added Pin To Net: NetName=MOT4_SS Pin=U1-60
Added Pin To Net: NetName=MOT4_SS Pin=U12-4
Added Net: Name=MOT4_SS
Added Pin To Net: NetName=MOT4_TRI_EN Pin=H4-27
Added Pin To Net: NetName=MOT4_TRI_EN Pin=U1-36
Added Net: Name=MOT4_TRI_EN
Added Pin To Net: NetName=NetC4_1 Pin=C4-1
Added Pin To Net: NetName=NetC4_1 Pin=U4-2
Added Net: Name=NetC4_1
Added Pin To Net: NetName=NetC4_2 Pin=C4-2
Added Pin To Net: NetName=NetC4_2 Pin=D2-2
Added Pin To Net: NetName=NetC4_2 Pin=L1-2
Added Pin To Net: NetName=NetC4_2 Pin=U4-3
Added Net: Name=NetC4_2
Added Pin To Net: NetName=NetC6_2 Pin=C6-2
Added Pin To Net: NetName=NetC6_2 Pin=R2-1
Added Net: Name=NetC6_2
Added Pin To Net: NetName=NetC21_2 Pin=C21-2
Added Pin To Net: NetName=NetC21_2 Pin=H1-36
Added Net: Name=NetC21_2
Added Pin To Net: NetName=NetC25_2 Pin=C25-2
Added Pin To Net: NetName=NetC25_2 Pin=H2-36
Added Net: Name=NetC25_2
Added Pin To Net: NetName=NetC29_2 Pin=C29-2
Added Pin To Net: NetName=NetC29_2 Pin=H3-36
Added Net: Name=NetC29_2
Added Pin To Net: NetName=NetC33_2 Pin=C33-2
Added Pin To Net: NetName=NetC33_2 Pin=H4-36
Added Net: Name=NetC33_2
Added Pin To Net: NetName=NetC35_1 Pin=C35-1
Added Pin To Net: NetName=NetC35_1 Pin=U6-2
Added Pin To Net: NetName=NetC35_1 Pin=X2-4
Added Net: Name=NetC35_1
Added Pin To Net: NetName=NetC36_1 Pin=C36-1
Added Pin To Net: NetName=NetC36_1 Pin=U6-1
Added Pin To Net: NetName=NetC36_1 Pin=X2-2
Added Net: Name=NetC36_1
Added Pin To Net: NetName=NetC37_1 Pin=C37-1
Added Pin To Net: NetName=NetC37_1 Pin=U8-2
Added Pin To Net: NetName=NetC37_1 Pin=X3-4
Added Net: Name=NetC37_1
Added Pin To Net: NetName=NetC38_1 Pin=C38-1
Added Pin To Net: NetName=NetC38_1 Pin=U8-1
Added Pin To Net: NetName=NetC38_1 Pin=X3-2
Added Net: Name=NetC38_1
Added Pin To Net: NetName=NetC39_1 Pin=C39-1
Added Pin To Net: NetName=NetC39_1 Pin=U10-2
Added Pin To Net: NetName=NetC39_1 Pin=X4-4
Added Net: Name=NetC39_1
Added Pin To Net: NetName=NetC40_1 Pin=C40-1
Added Pin To Net: NetName=NetC40_1 Pin=U10-1
Added Pin To Net: NetName=NetC40_1 Pin=X4-2
Added Net: Name=NetC40_1
Added Pin To Net: NetName=NetC41_1 Pin=C41-1
Added Pin To Net: NetName=NetC41_1 Pin=U12-2
Added Pin To Net: NetName=NetC41_1 Pin=X5-4
Added Net: Name=NetC41_1
Added Pin To Net: NetName=NetC42_1 Pin=C42-1
Added Pin To Net: NetName=NetC42_1 Pin=U12-1
Added Pin To Net: NetName=NetC42_1 Pin=X5-2
Added Net: Name=NetC42_1
Added Pin To Net: NetName=NetD1_1 Pin=D1-1
Added Pin To Net: NetName=NetD1_1 Pin=R1-1
Added Pin To Net: NetName=NetD1_1 Pin=U2-3
Added Net: Name=NetD1_1
Added Pin To Net: NetName=NetD3_1 Pin=D3-1
Added Net: Name=NetD3_1
Added Pin To Net: NetName=NetD4_1 Pin=D4-1
Added Pin To Net: NetName=NetD4_1 Pin=R20-2
Added Net: Name=NetD4_1
Added Pin To Net: NetName=NetD5_1 Pin=D5-1
Added Pin To Net: NetName=NetD5_1 Pin=R21-2
Added Net: Name=NetD5_1
Added Pin To Net: NetName=NetD6_1 Pin=D6-1
Added Pin To Net: NetName=NetD6_1 Pin=R22-2
Added Net: Name=NetD6_1
Added Pin To Net: NetName=NetD7_1 Pin=D7-1
Added Pin To Net: NetName=NetD7_1 Pin=R23-2
Added Net: Name=NetD7_1
Added Pin To Net: NetName=NetR2_2 Pin=R2-2
Added Pin To Net: NetName=NetR2_2 Pin=U4-9
Added Net: Name=NetR2_2
Added Pin To Net: NetName=NetR3_2 Pin=R3-2
Added Pin To Net: NetName=NetR3_2 Pin=R4-1
Added Pin To Net: NetName=NetR3_2 Pin=U4-8
Added Net: Name=NetR3_2
Added Pin To Net: NetName=NetR5_1 Pin=R5-1
Added Pin To Net: NetName=NetR5_1 Pin=U4-10
Added Net: Name=NetR5_1
Added Pin To Net: NetName=NetR20_1 Pin=R20-1
Added Pin To Net: NetName=NetR20_1 Pin=U1-78
Added Net: Name=NetR20_1
Added Pin To Net: NetName=NetR21_1 Pin=R21-1
Added Pin To Net: NetName=NetR21_1 Pin=U1-77
Added Net: Name=NetR21_1
Added Pin To Net: NetName=NetR22_1 Pin=R22-1
Added Pin To Net: NetName=NetR22_1 Pin=U1-76
Added Net: Name=NetR22_1
Added Pin To Net: NetName=NetR23_1 Pin=R23-1
Added Pin To Net: NetName=NetR23_1 Pin=U1-75
Added Net: Name=NetR23_1
Added Pin To Net: NetName=NetR26_1 Pin=R26-1
Added Pin To Net: NetName=NetR26_1 Pin=U2-17
Added Net: Name=NetR26_1
Added Pin To Net: NetName=PWM1 Pin=P8-1
Added Pin To Net: NetName=PWM1 Pin=U1-40
Added Net: Name=PWM1
Added Pin To Net: NetName=PWM2 Pin=P14-1
Added Pin To Net: NetName=PWM2 Pin=U1-1
Added Net: Name=PWM2
Added Pin To Net: NetName=RESET Pin=C9-2
Added Pin To Net: NetName=RESET Pin=P5-1
Added Pin To Net: NetName=RESET Pin=P20-2
Added Pin To Net: NetName=RESET Pin=R25-1
Added Pin To Net: NetName=RESET Pin=R26-2
Added Pin To Net: NetName=RESET Pin=S1-3
Added Pin To Net: NetName=RESET Pin=U1-30
Added Net: Name=RESET
Added Pin To Net: NetName=RX0 Pin=U1-2
Added Pin To Net: NetName=RX0 Pin=U2-2
Added Net: Name=RX0
Added Pin To Net: NetName=RX1 Pin=P21-1
Added Pin To Net: NetName=RX1 Pin=U1-45
Added Net: Name=RX1
Added Pin To Net: NetName=SCK Pin=P5-2
Added Pin To Net: NetName=SCK Pin=P20-3
Added Pin To Net: NetName=SCK Pin=U1-20
Added Pin To Net: NetName=SCK Pin=U6-5
Added Pin To Net: NetName=SCK Pin=U8-5
Added Pin To Net: NetName=SCK Pin=U10-5
Added Pin To Net: NetName=SCK Pin=U12-5
Added Net: Name=SCK
Added Pin To Net: NetName=SW1 Pin=P6-2
Added Pin To Net: NetName=SW1 Pin=U1-8
Added Net: Name=SW1
Added Pin To Net: NetName=SW2 Pin=P7-2
Added Pin To Net: NetName=SW2 Pin=U1-9
Added Net: Name=SW2
Added Pin To Net: NetName=TX0 Pin=D1-2
Added Pin To Net: NetName=TX0 Pin=U1-3
Added Net: Name=TX0
Added Pin To Net: NetName=TX1 Pin=P21-2
Added Pin To Net: NetName=TX1 Pin=U1-46
Added Net: Name=TX1
Added Pin To Net: NetName=VBATT2 Pin=C32-2
Added Pin To Net: NetName=VBATT2 Pin=H3-5
Added Pin To Net: NetName=VBATT2 Pin=H3-6
Added Pin To Net: NetName=VBATT2 Pin=H3-12
Added Pin To Net: NetName=VBATT2 Pin=H3-13
Added Pin To Net: NetName=VBATT2 Pin=H3-34
Added Pin To Net: NetName=VBATT2 Pin=H3-35
Added Pin To Net: NetName=VBATT2 Pin=H4-5
Added Pin To Net: NetName=VBATT2 Pin=H4-6
Added Pin To Net: NetName=VBATT2 Pin=H4-12
Added Pin To Net: NetName=VBATT2 Pin=H4-13
Added Pin To Net: NetName=VBATT2 Pin=H4-34
Added Pin To Net: NetName=VBATT2 Pin=H4-35
Added Pin To Net: NetName=VBATT2 Pin=P12-1
Added Pin To Net: NetName=VBATT2 Pin=P13-2
Added Net: Name=VBATT2
Added Pin To Net: NetName=VBATT Pin=C2-1
Added Pin To Net: NetName=VBATT Pin=C3-2
Added Pin To Net: NetName=VBATT Pin=C20-2
Added Pin To Net: NetName=VBATT Pin=H1-5
Added Pin To Net: NetName=VBATT Pin=H1-6
Added Pin To Net: NetName=VBATT Pin=H1-12
Added Pin To Net: NetName=VBATT Pin=H1-13
Added Pin To Net: NetName=VBATT Pin=H1-34
Added Pin To Net: NetName=VBATT Pin=H1-35
Added Pin To Net: NetName=VBATT Pin=H2-5
Added Pin To Net: NetName=VBATT Pin=H2-6
Added Pin To Net: NetName=VBATT Pin=H2-12
Added Pin To Net: NetName=VBATT Pin=H2-13
Added Pin To Net: NetName=VBATT Pin=H2-34
Added Pin To Net: NetName=VBATT Pin=H2-35
Added Pin To Net: NetName=VBATT Pin=P9-1
Added Pin To Net: NetName=VBATT Pin=P10-1
Added Pin To Net: NetName=VBATT Pin=P13-1
Added Pin To Net: NetName=VBATT Pin=U4-4
Added Pin To Net: NetName=VBATT Pin=U4-5
Added Net: Name=VBATT
