Removed Pin From Net: NetName=A0 Pin=*-2
Removed Pin From Net: NetName=5V Pin=*-3
Removed Pin From Net: NetName=GND Pin=*-4
Removed Pin From Net: NetName=A1 Pin=*-5
Removed Pin From Net: NetName=5V Pin=*-6
Removed Pin From Net: NetName=GND Pin=*-7
Removed Pin From Net: NetName=A2 Pin=*-8
Removed Pin From Net: NetName=GND Pin=*-9
Removed Pin From Net: NetName=GND Pin=*-10
Removed Pin From Net: NetName=A3 Pin=*-11
Removed Pin From Net: NetName=5V Pin=*-12
Removed Pin From Net: NetName=GND Pin=*-13
Removed Pin From Net: NetName=A4 Pin=*-14
Removed Pin From Net: NetName=5V Pin=*-15
Removed Pin From Net: NetName=GND Pin=*-16
Removed Pin From Net: NetName=A5 Pin=*-17
Removed Pin From Net: NetName=5V Pin=*-18
Added Component: Designator=AConn(3x6 1.27mm conn)
Added Pin To Net: NetName=GND Pin=AConn-1
Added Pin To Net: NetName=5V Pin=AConn-2
Added Pin To Net: NetName=A0 Pin=AConn-3
Added Pin To Net: NetName=GND Pin=AConn-4
Added Pin To Net: NetName=5V Pin=AConn-5
Added Pin To Net: NetName=A1 Pin=AConn-6
Added Pin To Net: NetName=GND Pin=AConn-7
Added Pin To Net: NetName=5V Pin=AConn-8
Added Pin To Net: NetName=A2 Pin=AConn-9
Added Pin To Net: NetName=GND Pin=AConn-10
Added Pin To Net: NetName=5V Pin=AConn-11
Added Pin To Net: NetName=A3 Pin=AConn-12
Added Pin To Net: NetName=GND Pin=AConn-13
Added Pin To Net: NetName=5V Pin=AConn-14
Added Pin To Net: NetName=A4 Pin=AConn-15
Added Pin To Net: NetName=GND Pin=AConn-16
Added Pin To Net: NetName=5V Pin=AConn-17
Added Pin To Net: NetName=A5 Pin=AConn-18
