Removed Pin From Net: NetName=5V Pin=5V-1
Removed Pin From Net: NetName=5V Pin=5V-2
Removed Pin From Net: NetName=5V Pin=5V-3
Removed Pin From Net: NetName=5V Pin=5V-4
Removed Pin From Net: NetName=5V Pin=5V-5
Removed Pin From Net: NetName=5V Pin=5V-6
Removed Pin From Net: NetName=GND Pin=Analog-1
Removed Pin From Net: NetName=A0 Pin=Analog-2
Removed Pin From Net: NetName=GND Pin=Analog-3
Removed Pin From Net: NetName=A1 Pin=Analog-4
Removed Pin From Net: NetName=GND Pin=Analog-5
Removed Pin From Net: NetName=A2 Pin=Analog-6
Removed Pin From Net: NetName=GND Pin=Analog-7
Removed Pin From Net: NetName=A3 Pin=Analog-8
Removed Pin From Net: NetName=GND Pin=Analog-9
Removed Pin From Net: NetName=A4 Pin=Analog-10
Removed Pin From Net: NetName=GND Pin=Analog-11
Removed Pin From Net: NetName=A5 Pin=Analog-12
Added Component: Designator=*(3x6 1.27mm conn)
Added Pin To Net: NetName=A0 Pin=*-2
Added Pin To Net: NetName=5V Pin=*-3
Added Pin To Net: NetName=GND Pin=*-4
Added Pin To Net: NetName=A1 Pin=*-5
Added Pin To Net: NetName=5V Pin=*-6
Added Pin To Net: NetName=GND Pin=*-7
Added Pin To Net: NetName=A2 Pin=*-8
Added Pin To Net: NetName=5V Pin=*-9
Added Pin To Net: NetName=GND Pin=*-9
Added Pin To Net: NetName=GND Pin=*-10
Added Pin To Net: NetName=A3 Pin=*-11
Added Pin To Net: NetName=5V Pin=*-12
Added Pin To Net: NetName=GND Pin=*-13
Added Pin To Net: NetName=A4 Pin=*-14
Added Pin To Net: NetName=5V Pin=*-15
Added Pin To Net: NetName=GND Pin=*-16
Added Pin To Net: NetName=A5 Pin=*-17
Added Pin To Net: NetName=5V Pin=*-18
