Added Pin To Net: NetName=VBATT Pin=C2-1
Added Pin To Net: NetName=GND Pin=C2-2
Added Pin To Net: NetName=GND Pin=C3-1
Added Pin To Net: NetName=VBATT Pin=C3-2
Added Pin To Net: NetName=NetC4_1 Pin=C4-1
Added Pin To Net: NetName=NetC4_2 Pin=C4-2
Added Pin To Net: NetName=5V Pin=C5-1
Added Pin To Net: NetName=GND Pin=C5-2
Added Pin To Net: NetName=GND Pin=C6-1
Added Pin To Net: NetName=NetC6_2 Pin=C6-2
Added Pin To Net: NetName=GND Pin=D2-1
Added Pin To Net: NetName=NetC4_2 Pin=D2-2
Added Pin To Net: NetName=5V Pin=L1-1
Added Pin To Net: NetName=NetC4_2 Pin=L1-2
Added Pin To Net: NetName=NetC6_2 Pin=R2-1
Added Pin To Net: NetName=NetR2_2 Pin=R2-2
Added Pin To Net: NetName=GND Pin=R3-1
Added Pin To Net: NetName=NetR3_2 Pin=R3-2
Added Pin To Net: NetName=NetR3_2 Pin=R4-1
Added Pin To Net: NetName=5V Pin=R4-2
Added Pin To Net: NetName=NetR5_1 Pin=R5-1
Added Pin To Net: NetName=GND Pin=R5-2
Added Pin To Net: NetName=5V Pin=U4-1
Added Pin To Net: NetName=NetC4_1 Pin=U4-2
Added Pin To Net: NetName=NetC4_2 Pin=U4-3
Added Pin To Net: NetName=VBATT Pin=U4-4
Added Pin To Net: NetName=VBATT Pin=U4-5
Added Pin To Net: NetName=GND Pin=U4-6
Added Pin To Net: NetName=NetR3_2 Pin=U4-8
Added Pin To Net: NetName=NetR2_2 Pin=U4-9
Added Pin To Net: NetName=NetR5_1 Pin=U4-10
Added Pin To Net: NetName=GND Pin=U4-11
