Added Component: Designator=H1(MC33887-QFN)
Added Component: Designator=H2(MC33887-QFN)
Added Component: Designator=H3(MC33887-QFN)
Added Component: Designator=H4(MC33887-QFN)
Added Pin To Net: NetName=GND Pin=H1-2
Added Pin To Net: NetName=MOT1_B Pin=H1-3
Added Pin To Net: NetName=MOT1_EN Pin=H1-4
Added Pin To Net: NetName=VBATT Pin=H1-5
Added Pin To Net: NetName=VBATT Pin=H1-6
Added Pin To Net: NetName=GND Pin=H1-8
Added Pin To Net: NetName=MOT1_FS Pin=H1-9
Added Pin To Net: NetName=MOT1_A Pin=H1-11
Added Pin To Net: NetName=VBATT Pin=H1-12
Added Pin To Net: NetName=VBATT Pin=H1-13
Added Pin To Net: NetName=MOT1_OUT1 Pin=H1-14
Added Pin To Net: NetName=MOT1_OUT1 Pin=H1-15
Added Pin To Net: NetName=MOT1_OUT1 Pin=H1-17
Added Pin To Net: NetName=MOT1_OUT1 Pin=H1-18
Added Pin To Net: NetName=MOT1_FB Pin=H1-20
Added Pin To Net: NetName=GND Pin=H1-21
Added Pin To Net: NetName=GND Pin=H1-22
Added Pin To Net: NetName=GND Pin=H1-23
Added Pin To Net: NetName=GND Pin=H1-24
Added Pin To Net: NetName=GND Pin=H1-25
Added Pin To Net: NetName=GND Pin=H1-26
Added Pin To Net: NetName=MOT1_TRI_EN Pin=H1-27
Added Pin To Net: NetName=MOT1_OUT2 Pin=H1-29
Added Pin To Net: NetName=MOT1_OUT2 Pin=H1-30
Added Pin To Net: NetName=MOT1_OUT2 Pin=H1-32
Added Pin To Net: NetName=MOT1_OUT2 Pin=H1-33
Added Pin To Net: NetName=VBATT Pin=H1-34
Added Pin To Net: NetName=VBATT Pin=H1-35
Added Pin To Net: NetName=NetC21_2 Pin=H1-36
Added Pin To Net: NetName=GND Pin=H1-37
Added Pin To Net: NetName=GND Pin=H2-2
Added Pin To Net: NetName=MOT2_B Pin=H2-3
Added Pin To Net: NetName=MOT2_EN Pin=H2-4
Added Pin To Net: NetName=VBATT Pin=H2-5
Added Pin To Net: NetName=VBATT Pin=H2-6
Added Pin To Net: NetName=GND Pin=H2-8
Added Pin To Net: NetName=MOT2_FS Pin=H2-9
Added Pin To Net: NetName=MOT2_A Pin=H2-11
Added Pin To Net: NetName=VBATT Pin=H2-12
Added Pin To Net: NetName=VBATT Pin=H2-13
Added Pin To Net: NetName=MOT2_OUT1 Pin=H2-14
Added Pin To Net: NetName=MOT2_OUT1 Pin=H2-15
Added Pin To Net: NetName=MOT2_OUT1 Pin=H2-17
Added Pin To Net: NetName=MOT2_OUT1 Pin=H2-18
Added Pin To Net: NetName=MOT2_FB Pin=H2-20
Added Pin To Net: NetName=GND Pin=H2-21
Added Pin To Net: NetName=GND Pin=H2-22
Added Pin To Net: NetName=GND Pin=H2-23
Added Pin To Net: NetName=GND Pin=H2-24
Added Pin To Net: NetName=GND Pin=H2-25
Added Pin To Net: NetName=GND Pin=H2-26
Added Pin To Net: NetName=MOT2_TRI_EN Pin=H2-27
Added Pin To Net: NetName=MOT2_OUT2 Pin=H2-29
Added Pin To Net: NetName=MOT2_OUT2 Pin=H2-30
Added Pin To Net: NetName=MOT2_OUT2 Pin=H2-32
Added Pin To Net: NetName=MOT2_OUT2 Pin=H2-33
Added Pin To Net: NetName=VBATT Pin=H2-34
Added Pin To Net: NetName=VBATT Pin=H2-35
Added Pin To Net: NetName=NetC25_2 Pin=H2-36
Added Pin To Net: NetName=GND Pin=H2-37
Added Pin To Net: NetName=GND Pin=H3-2
Added Pin To Net: NetName=MOT3_B Pin=H3-3
Added Pin To Net: NetName=MOT3_EN Pin=H3-4
Added Pin To Net: NetName=VBATT2 Pin=H3-5
Added Pin To Net: NetName=VBATT2 Pin=H3-6
Added Pin To Net: NetName=GND Pin=H3-8
Added Pin To Net: NetName=MOT3_FS Pin=H3-9
Added Pin To Net: NetName=MOT3_A Pin=H3-11
Added Pin To Net: NetName=VBATT2 Pin=H3-12
Added Pin To Net: NetName=VBATT2 Pin=H3-13
Added Pin To Net: NetName=MOT3_OUT1 Pin=H3-14
Added Pin To Net: NetName=MOT3_OUT1 Pin=H3-15
Added Pin To Net: NetName=MOT3_OUT1 Pin=H3-17
Added Pin To Net: NetName=MOT3_OUT1 Pin=H3-18
Added Pin To Net: NetName=MOT3_FB Pin=H3-20
Added Pin To Net: NetName=GND Pin=H3-21
Added Pin To Net: NetName=GND Pin=H3-22
Added Pin To Net: NetName=GND Pin=H3-23
Added Pin To Net: NetName=GND Pin=H3-24
Added Pin To Net: NetName=GND Pin=H3-25
Added Pin To Net: NetName=GND Pin=H3-26
Added Pin To Net: NetName=MOT3_TRI_EN Pin=H3-27
Added Pin To Net: NetName=MOT3_OUT2 Pin=H3-29
Added Pin To Net: NetName=MOT3_OUT2 Pin=H3-30
Added Pin To Net: NetName=MOT3_OUT2 Pin=H3-32
Added Pin To Net: NetName=MOT3_OUT2 Pin=H3-33
Added Pin To Net: NetName=VBATT2 Pin=H3-34
Added Pin To Net: NetName=VBATT2 Pin=H3-35
Added Pin To Net: NetName=NetC29_2 Pin=H3-36
Added Pin To Net: NetName=GND Pin=H3-37
Added Pin To Net: NetName=GND Pin=H4-2
Added Pin To Net: NetName=MOT4_B Pin=H4-3
Added Pin To Net: NetName=MOT4_EN Pin=H4-4
Added Pin To Net: NetName=VBATT2 Pin=H4-5
Added Pin To Net: NetName=VBATT2 Pin=H4-6
Added Pin To Net: NetName=GND Pin=H4-8
Added Pin To Net: NetName=MOT4_FS Pin=H4-9
Added Pin To Net: NetName=MOT4_A Pin=H4-11
Added Pin To Net: NetName=VBATT2 Pin=H4-12
Added Pin To Net: NetName=VBATT2 Pin=H4-13
Added Pin To Net: NetName=MOT4_OUT1 Pin=H4-14
Added Pin To Net: NetName=MOT4_OUT1 Pin=H4-15
Added Pin To Net: NetName=MOT4_OUT1 Pin=H4-17
Added Pin To Net: NetName=MOT4_OUT1 Pin=H4-18
Added Pin To Net: NetName=MOT4_FB Pin=H4-20
Added Pin To Net: NetName=GND Pin=H4-21
Added Pin To Net: NetName=GND Pin=H4-22
Added Pin To Net: NetName=GND Pin=H4-23
Added Pin To Net: NetName=GND Pin=H4-24
Added Pin To Net: NetName=GND Pin=H4-25
Added Pin To Net: NetName=GND Pin=H4-26
Added Pin To Net: NetName=MOT4_TRI_EN Pin=H4-27
Added Pin To Net: NetName=MOT4_OUT2 Pin=H4-29
Added Pin To Net: NetName=MOT4_OUT2 Pin=H4-30
Added Pin To Net: NetName=MOT4_OUT2 Pin=H4-32
Added Pin To Net: NetName=MOT4_OUT2 Pin=H4-33
Added Pin To Net: NetName=VBATT2 Pin=H4-34
Added Pin To Net: NetName=VBATT2 Pin=H4-35
Added Pin To Net: NetName=NetC33_2 Pin=H4-36
Added Pin To Net: NetName=GND Pin=H4-37
