Removed Pin From Net: NetName=MOT5_OUT1 Pin=M5-1
Removed Pin From Net: NetName=MOT5_OUT2 Pin=M5-2
Removed Pin From Net: NetName=MOT5_ENCA Pin=M5-3
Removed Pin From Net: NetName=MOT5_ENCB Pin=M5-4
Removed Pin From Net: NetName=5V Pin=M5-5
Removed Pin From Net: NetName=GND Pin=M5-6
Removed Pin From Net: NetName=MOT6_OUT1 Pin=M6-1
Removed Pin From Net: NetName=MOT6_OUT2 Pin=M6-2
Removed Pin From Net: NetName=MOT6_ENCA Pin=M6-3
Removed Pin From Net: NetName=MOT6_ENCB Pin=M6-4
Added Component: Designator=P15(DF3A-6P-2DS)
Added Component: Designator=P16(DF3A-6P-2DS)
Added Pin To Net: NetName=MOT5_OUT1 Pin=P15-1
Added Pin To Net: NetName=MOT5_OUT2 Pin=P15-2
Added Pin To Net: NetName=MOT5_ENCA Pin=P15-3
Added Pin To Net: NetName=MOT5_ENCB Pin=P15-4
Added Pin To Net: NetName=5V Pin=P15-5
Added Pin To Net: NetName=GND Pin=P15-6
Added Pin To Net: NetName=MOT6_OUT1 Pin=P16-1
Added Pin To Net: NetName=MOT6_OUT2 Pin=P16-2
Added Pin To Net: NetName=MOT6_ENCA Pin=P16-3
Added Pin To Net: NetName=MOT6_ENCB Pin=P16-4
