Removed Pin From Net: NetName=MOT6_FB Pin=U1-83
Removed Pin From Net: NetName=MOT5_FB Pin=U1-84
Removed Pin From Net: NetName=MOT3_FB Pin=U1-85
Removed Pin From Net: NetName=MOT4_FB Pin=U1-86
Removed Pin From Net: NetName=MOT1_FB Pin=U1-87
Added Component: Designator=Analog(HDR2X4)
Added Pin To Net: NetName=GND Pin=Analog-1
Added Pin To Net: NetName=GND Pin=Analog-3
Added Pin To Net: NetName=GND Pin=Analog-5
Added Pin To Net: NetName=GND Pin=Analog-7
Added Pin To Net: NetName=MOT6_FB Pin=U1-92
Added Pin To Net: NetName=MOT5_FB Pin=U1-93
Added Pin To Net: NetName=MOT3_FB Pin=U1-94
Added Pin To Net: NetName=MOT4_FB Pin=U1-95
Added Pin To Net: NetName=MOT1_FB Pin=U1-96
Added Pin To Net: NetName=A0 Pin=Analog-2
Added Pin To Net: NetName=A0 Pin=U1-82
Added Net: Name=A0
Added Pin To Net: NetName=A1 Pin=Analog-4
Added Pin To Net: NetName=A1 Pin=U1-83
Added Net: Name=A1
Added Pin To Net: NetName=A2 Pin=Analog-6
Added Pin To Net: NetName=A2 Pin=U1-84
Added Net: Name=A2
Added Pin To Net: NetName=A3 Pin=Analog-8
Added Pin To Net: NetName=A3 Pin=U1-85
Added Net: Name=A3
