Added Component: Designator=C1(CAPC0603(1608)100_L)
Added Component: Designator=C2(CAPC0603(1608)100_L)
Added Component: Designator=C3(CAPC0603(1608)100_L)
Added Component: Designator=C4(CAPC0603(1608)100_L)
Added Component: Designator=C5(CAPC0603(1608)100_L)
Added Component: Designator=C6(CAPC0603(1608)100_L)
Added Component: Designator=C7(CAPC0603(1608)100_L)
Added Component: Designator=L1(TYS6045)
Added Component: Designator=P1(DF3A-2P-2DS)
Added Component: Designator=P2(HDR1X3)
Added Component: Designator=P3(HDR1X3)
Added Component: Designator=P4(HDR2X3)
Added Component: Designator=P5(HDR1X2)
Added Component: Designator=P6(HDR1X2)
Added Component: Designator=P7(HDR1X3)
Added Component: Designator=R1(RESC0603(1608)_L)
Added Component: Designator=R2(RESC0603(1608)_L)
Added Component: Designator=U3(NC7WZ14)
Added Pin To Net: NetName=3.7V Pin=C1-2
Added Pin To Net: NetName=3.7V Pin=C2-2
Added Pin To Net: NetName=3.7V Pin=C3-2
Added Pin To Net: NetName=3.7V Pin=C4-2
Added Pin To Net: NetName=3.7V Pin=C5-2
Added Pin To Net: NetName=3.7V Pin=L1-1
Added Pin To Net: NetName=3.7V Pin=P1-2
Added Pin To Net: NetName=3.7V Pin=P4-2
Added Pin To Net: NetName=3.7V Pin=U3-5
Added Net: Name=3.7V
Added Pin To Net: NetName=5.5V Pin=C6-2
Added Pin To Net: NetName=5.5V Pin=P2-2
Added Pin To Net: NetName=5.5V Pin=P3-2
Added Pin To Net: NetName=5.5V Pin=P7-2
Added Pin To Net: NetName=5.5V Pin=R1-2
Added Net: Name=5.5V
Added Pin To Net: NetName=BUTTON1 Pin=P5-2
Added Pin To Net: NetName=BUTTON1 Pin=U3-1
Added Net: Name=BUTTON1
Added Pin To Net: NetName=BUTTON2 Pin=P6-2
Added Pin To Net: NetName=BUTTON2 Pin=U3-3
Added Net: Name=BUTTON2
Added Pin To Net: NetName=BUTTON_OUT1 Pin=U3-6
Added Net: Name=BUTTON_OUT1
Added Pin To Net: NetName=BUTTON_OUT2 Pin=U3-4
Added Net: Name=BUTTON_OUT2
Added Pin To Net: NetName=GND Pin=C1-1
Added Pin To Net: NetName=GND Pin=C2-1
Added Pin To Net: NetName=GND Pin=C3-1
Added Pin To Net: NetName=GND Pin=C4-1
Added Pin To Net: NetName=GND Pin=C5-1
Added Pin To Net: NetName=GND Pin=C6-1
Added Pin To Net: NetName=GND Pin=P1-1
Added Pin To Net: NetName=GND Pin=P2-1
Added Pin To Net: NetName=GND Pin=P3-1
Added Pin To Net: NetName=GND Pin=P4-6
Added Pin To Net: NetName=GND Pin=P5-1
Added Pin To Net: NetName=GND Pin=P6-1
Added Pin To Net: NetName=GND Pin=P7-1
Added Pin To Net: NetName=GND Pin=R2-1
Added Pin To Net: NetName=GND Pin=U3-2
Added Net: Name=GND
Added Pin To Net: NetName=MISO Pin=P4-1
Added Net: Name=MISO
Added Pin To Net: NetName=MOSI Pin=P4-4
Added Net: Name=MOSI
Added Pin To Net: NetName=NetC7_1 Pin=C7-1
Added Net: Name=NetC7_1
Added Pin To Net: NetName=NetL1_2 Pin=L1-2
Added Net: Name=NetL1_2
Added Pin To Net: NetName=NetR1_1 Pin=R1-1
Added Pin To Net: NetName=NetR1_1 Pin=R2-2
Added Net: Name=NetR1_1
Added Pin To Net: NetName=RESET Pin=C7-2
Added Pin To Net: NetName=RESET Pin=P4-5
Added Net: Name=RESET
Added Net: Name=RFM_INTERRUPT
Added Pin To Net: NetName=SCK Pin=P4-3
Added Net: Name=SCK
Added Pin To Net: NetName=SERVO1 Pin=P2-3
Added Net: Name=SERVO1
Added Pin To Net: NetName=SERVO2 Pin=P3-3
Added Net: Name=SERVO2
Added Pin To Net: NetName=SERVO3 Pin=P7-3
Added Net: Name=SERVO3
Added Net: Name=SS
Added Class: Name=lightswitch_controller
